May 22, 2024 9:59:29 PM edu.curtin.oose2024s1.assignment2.states.EmptyState delivery
INFO: A bike has been delivered
May 22, 2024 9:59:29 PM edu.curtin.oose2024s1.assignment2.states.EmptyState delivery
INFO: A bike has been delivered
May 22, 2024 9:59:29 PM edu.curtin.oose2024s1.assignment2.states.EmptyState delivery
INFO: A bike has been delivered
May 22, 2024 9:59:29 PM edu.curtin.oose2024s1.assignment2.states.EmptyState delivery
INFO: A bike has been delivered
May 22, 2024 9:59:29 PM edu.curtin.oose2024s1.assignment2.states.EmptyState delivery
INFO: A bike has been delivered
May 22, 2024 9:59:29 PM edu.curtin.oose2024s1.assignment2.states.EmptyState delivery
INFO: A bike has been delivered
May 22, 2024 9:59:29 PM edu.curtin.oose2024s1.assignment2.states.EmptyState delivery
INFO: A bike has been delivered
May 22, 2024 9:59:29 PM edu.curtin.oose2024s1.assignment2.states.EmptyState delivery
INFO: A bike has been delivered
May 22, 2024 9:59:29 PM edu.curtin.oose2024s1.assignment2.states.EmptyState delivery
INFO: A bike has been delivered
May 22, 2024 9:59:29 PM edu.curtin.oose2024s1.assignment2.states.EmptyState delivery
INFO: A bike has been delivered
May 22, 2024 9:59:29 PM edu.curtin.oose2024s1.assignment2.states.EmptyState delivery
INFO: A bike has been delivered
May 22, 2024 9:59:29 PM edu.curtin.oose2024s1.assignment2.states.EmptyState delivery
INFO: A bike has been delivered
May 22, 2024 9:59:29 PM edu.curtin.oose2024s1.assignment2.states.EmptyState delivery
INFO: A bike has been delivered
May 22, 2024 9:59:29 PM edu.curtin.oose2024s1.assignment2.states.EmptyState delivery
INFO: A bike has been delivered
May 22, 2024 9:59:29 PM edu.curtin.oose2024s1.assignment2.states.EmptyState delivery
INFO: A bike has been delivered
May 22, 2024 9:59:29 PM edu.curtin.oose2024s1.assignment2.states.EmptyState delivery
INFO: A bike has been delivered
May 22, 2024 9:59:29 PM edu.curtin.oose2024s1.assignment2.states.EmptyState delivery
INFO: A bike has been delivered
May 22, 2024 9:59:29 PM edu.curtin.oose2024s1.assignment2.states.EmptyState delivery
INFO: A bike has been delivered
May 22, 2024 9:59:29 PM edu.curtin.oose2024s1.assignment2.states.EmptyState delivery
INFO: A bike has been delivered
May 22, 2024 9:59:29 PM edu.curtin.oose2024s1.assignment2.states.EmptyState delivery
INFO: A bike has been delivered
May 22, 2024 9:59:29 PM edu.curtin.oose2024s1.assignment2.states.EmptyState delivery
INFO: A bike has been delivered
May 22, 2024 9:59:29 PM edu.curtin.oose2024s1.assignment2.states.EmptyState delivery
INFO: A bike has been delivered
May 22, 2024 9:59:29 PM edu.curtin.oose2024s1.assignment2.states.EmptyState delivery
INFO: A bike has been delivered
May 22, 2024 9:59:29 PM edu.curtin.oose2024s1.assignment2.states.EmptyState delivery
INFO: A bike has been delivered
May 22, 2024 9:59:29 PM edu.curtin.oose2024s1.assignment2.states.EmptyState delivery
INFO: A bike has been delivered
May 22, 2024 9:59:29 PM edu.curtin.oose2024s1.assignment2.states.EmptyState delivery
INFO: A bike has been delivered
May 22, 2024 9:59:29 PM edu.curtin.oose2024s1.assignment2.states.EmptyState delivery
INFO: A bike has been delivered
May 22, 2024 9:59:29 PM edu.curtin.oose2024s1.assignment2.states.EmptyState delivery
INFO: A bike has been delivered
May 22, 2024 9:59:29 PM edu.curtin.oose2024s1.assignment2.states.EmptyState delivery
INFO: A bike has been delivered
May 22, 2024 9:59:29 PM edu.curtin.oose2024s1.assignment2.states.EmptyState delivery
INFO: A bike has been delivered
May 22, 2024 9:59:29 PM edu.curtin.oose2024s1.assignment2.states.EmptyState delivery
INFO: A bike has been delivered
May 22, 2024 9:59:29 PM edu.curtin.oose2024s1.assignment2.states.EmptyState delivery
INFO: A bike has been delivered
May 22, 2024 9:59:29 PM edu.curtin.oose2024s1.assignment2.states.EmptyState delivery
INFO: A bike has been delivered
May 22, 2024 9:59:29 PM edu.curtin.oose2024s1.assignment2.states.EmptyState delivery
INFO: A bike has been delivered
May 22, 2024 9:59:29 PM edu.curtin.oose2024s1.assignment2.states.EmptyState delivery
INFO: A bike has been delivered
May 22, 2024 9:59:29 PM edu.curtin.oose2024s1.assignment2.states.EmptyState delivery
INFO: A bike has been delivered
May 22, 2024 9:59:29 PM edu.curtin.oose2024s1.assignment2.states.EmptyState delivery
INFO: A bike has been delivered
May 22, 2024 9:59:29 PM edu.curtin.oose2024s1.assignment2.states.EmptyState delivery
INFO: A bike has been delivered
May 22, 2024 9:59:29 PM edu.curtin.oose2024s1.assignment2.states.EmptyState delivery
INFO: A bike has been delivered
May 22, 2024 9:59:29 PM edu.curtin.oose2024s1.assignment2.states.EmptyState delivery
INFO: A bike has been delivered
May 22, 2024 9:59:29 PM edu.curtin.oose2024s1.assignment2.states.EmptyState delivery
INFO: A bike has been delivered
May 22, 2024 9:59:29 PM edu.curtin.oose2024s1.assignment2.states.EmptyState delivery
INFO: A bike has been delivered
May 22, 2024 9:59:29 PM edu.curtin.oose2024s1.assignment2.states.EmptyState delivery
INFO: A bike has been delivered
May 22, 2024 9:59:29 PM edu.curtin.oose2024s1.assignment2.states.EmptyState delivery
INFO: A bike has been delivered
May 22, 2024 9:59:29 PM edu.curtin.oose2024s1.assignment2.states.EmptyState delivery
INFO: A bike has been delivered
May 22, 2024 9:59:29 PM edu.curtin.oose2024s1.assignment2.states.EmptyState delivery
INFO: A bike has been delivered
May 22, 2024 9:59:29 PM edu.curtin.oose2024s1.assignment2.states.EmptyState delivery
INFO: A bike has been delivered
May 22, 2024 9:59:29 PM edu.curtin.oose2024s1.assignment2.states.EmptyState delivery
INFO: A bike has been delivered
May 22, 2024 9:59:29 PM edu.curtin.oose2024s1.assignment2.states.EmptyState delivery
INFO: A bike has been delivered
May 22, 2024 9:59:29 PM edu.curtin.oose2024s1.assignment2.states.EmptyState delivery
INFO: A bike has been delivered
May 22, 2024 9:59:30 PM edu.curtin.oose2024s1.assignment2.observer.Delivery update
INFO: Checking if message is Deliver: PURCHASE-IN-STORE
May 22, 2024 9:59:30 PM edu.curtin.oose2024s1.assignment2.observer.InStore update
INFO: Doing IN-STORE stuff: PURCHASE-IN-STORE
May 22, 2024 9:59:30 PM edu.curtin.oose2024s1.assignment2.states.CanBeSoldState purchased_in_store
INFO: A bike has been purchased Instore
May 22, 2024 9:59:31 PM edu.curtin.oose2024s1.assignment2.observer.Delivery update
INFO: Checking if message is Deliver: DROP-OFF njhjn@ufubq.cfv
May 22, 2024 9:59:31 PM edu.curtin.oose2024s1.assignment2.observer.DropOff update
INFO: DropOff: DROP-OFF njhjn@ufubq.cfv
May 22, 2024 9:59:31 PM edu.curtin.oose2024s1.assignment2.states.EmptyState drop_off
INFO: A bike has been delivered from , njhjn@ufubq.cfv
May 22, 2024 9:59:31 PM edu.curtin.oose2024s1.assignment2.observer.Delivery update
INFO: Checking if message is Deliver: DROP-OFF xcdg@uczo.umo
May 22, 2024 9:59:31 PM edu.curtin.oose2024s1.assignment2.observer.DropOff update
INFO: DropOff: DROP-OFF xcdg@uczo.umo
May 22, 2024 9:59:31 PM edu.curtin.oose2024s1.assignment2.states.EmptyState drop_off
INFO: A bike has been delivered from , xcdg@uczo.umo
May 22, 2024 9:59:32 PM edu.curtin.oose2024s1.assignment2.observer.Delivery update
INFO: Checking if message is Deliver: DROP-OFF uep@clyi.xpb
May 22, 2024 9:59:32 PM edu.curtin.oose2024s1.assignment2.observer.DropOff update
INFO: DropOff: DROP-OFF uep@clyi.xpb
May 22, 2024 9:59:32 PM edu.curtin.oose2024s1.assignment2.states.EmptyState drop_off
INFO: A bike has been delivered from , uep@clyi.xpb
May 22, 2024 9:59:32 PM edu.curtin.oose2024s1.assignment2.observer.Delivery update
INFO: Checking if message is Deliver: DROP-OFF mgv@pog.tuf
May 22, 2024 9:59:32 PM edu.curtin.oose2024s1.assignment2.observer.DropOff update
INFO: DropOff: DROP-OFF mgv@pog.tuf
May 22, 2024 9:59:32 PM edu.curtin.oose2024s1.assignment2.states.EmptyState drop_off
INFO: A bike has been delivered from , mgv@pog.tuf
May 22, 2024 9:59:33 PM edu.curtin.oose2024s1.assignment2.observer.Delivery update
INFO: Checking if message is Deliver: PICK-UP mgv@pog.tuf
May 22, 2024 9:59:33 PM edu.curtin.oose2024s1.assignment2.observer.PickUp update
INFO: Doing PICK-UP stuff: PICK-UP mgv@pog.tuf
May 22, 2024 9:59:34 PM edu.curtin.oose2024s1.assignment2.observer.Delivery update
INFO: Checking if message is Deliver: PICK-UP mgv@pog.tuf
May 22, 2024 9:59:34 PM edu.curtin.oose2024s1.assignment2.observer.PickUp update
INFO: Doing PICK-UP stuff: PICK-UP mgv@pog.tuf
May 22, 2024 9:59:35 PM edu.curtin.oose2024s1.assignment2.observer.Delivery update
INFO: Checking if message is Deliver: PURCHASE-IN-STORE
May 22, 2024 9:59:35 PM edu.curtin.oose2024s1.assignment2.observer.InStore update
INFO: Doing IN-STORE stuff: PURCHASE-IN-STORE
May 22, 2024 9:59:35 PM edu.curtin.oose2024s1.assignment2.states.CanBeSoldState purchased_in_store
INFO: A bike has been purchased Instore
May 22, 2024 9:59:35 PM edu.curtin.oose2024s1.assignment2.observer.Delivery update
INFO: Checking if message is Deliver: PURCHASE-ONLINE mjqtdn@occ.bxm
May 22, 2024 9:59:35 PM edu.curtin.oose2024s1.assignment2.observer.Delivery update
INFO: Checking if message is Deliver: PURCHASE-ONLINE rcxrbdd@wezlmg.qck
