END OF DAY: 0
Total Revenue: 0
Balance: 14000.0
Available Bikes: 50
Service Bikes: 0
Ready Bikes: 0
PICK UP ATTEMPT BY ggyv@rfdownu.rnl FAILURE: NO_BIKE_MATCHING
PICK UP ATTEMPT BY ggyv@rfdownu.rnl FAILURE: NO_BIKE_MATCHING
PICK UP ATTEMPT BY ggyv@rfdownu.rnl FAILURE: NO_BIKE_MATCHING
PICK UP ATTEMPT BY ggyv@rfdownu.rnl FAILURE: NO_BIKE_MATCHING
BIKE ATTEMPTED TO BE SOLD ONLINE BY ggyv@rfdownu.rnl SUCCESS
PICK UP ATTEMPT BY ggyv@rfdownu.rnl SUCCESS
PICK UP ATTEMPT BY ggyv@rfdownu.rnl FAILURE: NO_BIKE_MATCHING
END OF DAY: 1
Total Revenue: 1000
Balance: 15000.0
Available Bikes: 49
Service Bikes: 0
Ready Bikes: 0
PICK UP ATTEMPT BY ggyv@rfdownu.rnl FAILURE: NO_BIKE_MATCHING
PICK UP ATTEMPT BY lmtex@jwup.mhy FAILURE: NO_BIKE_MATCHING
BIKE ATTEMPTED TO BE SOLD ONLINE BY cpmyco@zuzjpv.uco SUCCESS
PICK UP ATTEMPT BY lmtex@jwup.mhy FAILURE: NO_BIKE_MATCHING
PICK UP ATTEMPT BY dvexw@gupwl.yub FAILURE: NO_BIKE_MATCHING
BIKE ATTEMPTED TO BE SOLD ONLINE BY lmtex@jwup.mhy SUCCESS
DROP OFF ATTEMPT BY dvexw@gupwl.yub SUCCESS
END OF DAY: 2
Total Revenue: 3000
Balance: 17000.0
Available Bikes: 47
Service Bikes: 1
Ready Bikes: 2
PICK UP ATTEMPT BY wbat@uqlcift.qnh FAILURE: NO_BIKE_MATCHING
BIKE ATTEMPTED TO BE SOLD ONLINE BY lddl@pclyode.tnt SUCCESS
DROP OFF ATTEMPT BY wbat@uqlcift.qnh SUCCESS
BIKE ATTEMPTED TO BE SOLD ONLINE BY hugtrb@vdcgv.sfs SUCCESS
DROP OFF ATTEMPT BY ldkqgyn@xnb.sgm SUCCESS
DROP OFF ATTEMPT BY fiamch@kphff.wtr SUCCESS
END OF DAY: 3
Total Revenue: 5000
Balance: 19000.0
Available Bikes: 45
Service Bikes: 4
Ready Bikes: 4
PICK UP ATTEMPT BY fiamch@kphff.wtr FAILURE: NO_BIKE_MATCHING
PICK UP ATTEMPT BY fiamch@kphff.wtr FAILURE: NO_BIKE_MATCHING FAILURE: BIKE_NOT_READY
PICK UP ATTEMPT BY ggyv@rfdownu.rnl FAILURE: NO_BIKE_MATCHING
PICK UP ATTEMPT BY wbat@uqlcift.qnh FAILURE: NO_BIKE_MATCHING
PICK UP ATTEMPT BY wbat@uqlcift.qnh FAILURE: NO_BIKE_MATCHING FAILURE: BIKE_NOT_READY
PICK UP ATTEMPT BY lddl@pclyode.tnt SUCCESS
PICK UP ATTEMPT BY wbat@uqlcift.qnh FAILURE: NO_BIKE_MATCHING
PICK UP ATTEMPT BY wbat@uqlcift.qnh FAILURE: NO_BIKE_MATCHING FAILURE: BIKE_NOT_READY
PICK UP ATTEMPT BY cpmyco@zuzjpv.uco SUCCESS
PICK UP ATTEMPT BY ggyv@rfdownu.rnl FAILURE: NO_BIKE_MATCHING
PICK UP ATTEMPT BY wbat@uqlcift.qnh FAILURE: NO_BIKE_MATCHING
PICK UP ATTEMPT BY wbat@uqlcift.qnh FAILURE: NO_BIKE_MATCHING FAILURE: BIKE_NOT_READY
PICK UP ATTEMPT BY cpmyco@zuzjpv.uco FAILURE: NO_BIKE_MATCHING
END OF DAY: 4
Total Revenue: 5200
Balance: 19200.0
Available Bikes: 45
Service Bikes: 3
Ready Bikes: 3
BIKE ATTEMPTED TO BE SOLD IN PERSON SUCCESS
BIKE ATTEMPTED TO BE SOLD ONLINE BY efnj@arakdp.nzs SUCCESS
PICK UP ATTEMPT BY cpmyco@zuzjpv.uco FAILURE: NO_BIKE_MATCHING
BIKE ATTEMPTED TO BE SOLD ONLINE BY qbiawr@iotalvk.unz SUCCESS
END OF DAY: 5
Total Revenue: 8200
Balance: 22200.0
Available Bikes: 42
Service Bikes: 2
Ready Bikes: 6
PICK UP ATTEMPT BY fiamch@kphff.wtr FAILURE: NO_BIKE_MATCHING
PICK UP ATTEMPT BY fiamch@kphff.wtr FAILURE: NO_BIKE_MATCHING FAILURE: BIKE_NOT_READY
BIKE ATTEMPTED TO BE SOLD ONLINE BY zvxzy@mbluel.ybs SUCCESS
BIKE ATTEMPTED TO BE SOLD ONLINE BY wymp@dkdqn.lka SUCCESS
END OF DAY: 6
Total Revenue: 10200
Balance: 24200.0
Available Bikes: 40
Service Bikes: 1
Ready Bikes: 9
DROP OFF ATTEMPT BY pwfey@brw.qdd SUCCESS
BIKE ATTEMPTED TO BE SOLD IN PERSON SUCCESS
END OF DAY: 7
Total Revenue: 11200
Balance: 24200.0
Available Bikes: 39
Service Bikes: 1
Ready Bikes: 10
PICK UP ATTEMPT BY cpmyco@zuzjpv.uco FAILURE: NO_BIKE_MATCHING
BIKE ATTEMPTED TO BE SOLD ONLINE BY stjxbn@igo.wvo SUCCESS
PICK UP ATTEMPT BY wbat@uqlcift.qnh SUCCESS
PICK UP ATTEMPT BY wbat@uqlcift.qnh FAILURE: NO_BIKE_MATCHING
END OF DAY: 8
Total Revenue: 12200
Balance: 25200.0
Available Bikes: 38
Service Bikes: 1
Ready Bikes: 10
PICK UP ATTEMPT BY efnj@arakdp.nzs SUCCESS
PICK UP ATTEMPT BY hugtrb@vdcgv.sfs SUCCESS
PICK UP ATTEMPT BY wymp@dkdqn.lka SUCCESS
PICK UP ATTEMPT BY ggyv@rfdownu.rnl FAILURE: NO_BIKE_MATCHING
END OF DAY: 9
Total Revenue: 12200
Balance: 25200.0
Available Bikes: 38
Service Bikes: 0
Ready Bikes: 8
PICK UP ATTEMPT BY lmtex@jwup.mhy SUCCESS
END OF DAY: 10
Total Revenue: 12200
Balance: 25200.0
Available Bikes: 38
Service Bikes: 0
Ready Bikes: 7
PICK UP ATTEMPT BY dvexw@gupwl.yub SUCCESS
PICK UP ATTEMPT BY lmtex@jwup.mhy FAILURE: NO_BIKE_MATCHING
PICK UP ATTEMPT BY ggyv@rfdownu.rnl FAILURE: NO_BIKE_MATCHING
PICK UP ATTEMPT BY zvxzy@mbluel.ybs SUCCESS
PICK UP ATTEMPT BY lmtex@jwup.mhy FAILURE: NO_BIKE_MATCHING
PICK UP ATTEMPT BY hugtrb@vdcgv.sfs FAILURE: NO_BIKE_MATCHING
PICK UP ATTEMPT BY hugtrb@vdcgv.sfs FAILURE: NO_BIKE_MATCHING
END OF DAY: 11
Total Revenue: 12300
Balance: 25300.0
Available Bikes: 38
Service Bikes: 0
Ready Bikes: 5
PICK UP ATTEMPT BY hugtrb@vdcgv.sfs FAILURE: NO_BIKE_MATCHING
BIKE ATTEMPTED TO BE SOLD IN PERSON SUCCESS
END OF DAY: 12
Total Revenue: 13300
Balance: 26300.0
Available Bikes: 37
Service Bikes: 0
Ready Bikes: 5
PICK UP ATTEMPT BY efnj@arakdp.nzs FAILURE: NO_BIKE_MATCHING
PICK UP ATTEMPT BY zvxzy@mbluel.ybs FAILURE: NO_BIKE_MATCHING
DROP OFF ATTEMPT BY fqzto@faonvyz.ckc SUCCESS
PICK UP ATTEMPT BY wbat@uqlcift.qnh FAILURE: NO_BIKE_MATCHING
BIKE ATTEMPTED TO BE SOLD ONLINE BY wejf@tnadug.vmp SUCCESS
PICK UP ATTEMPT BY cpmyco@zuzjpv.uco FAILURE: NO_BIKE_MATCHING
END OF DAY: 13
Total Revenue: 14300
Balance: 27300.0
Available Bikes: 36
Service Bikes: 1
Ready Bikes: 6
PICK UP ATTEMPT BY wymp@dkdqn.lka FAILURE: NO_BIKE_MATCHING
PICK UP ATTEMPT BY dvexw@gupwl.yub FAILURE: NO_BIKE_MATCHING
PICK UP ATTEMPT BY fiamch@kphff.wtr SUCCESS
BIKE ATTEMPTED TO BE SOLD IN PERSON SUCCESS
PICK UP ATTEMPT BY lddl@pclyode.tnt FAILURE: NO_BIKE_MATCHING
END OF DAY: 14
Total Revenue: 15300
Balance: 27300.0
Available Bikes: 35
Service Bikes: 1
Ready Bikes: 5
BIKE DELIVERY ATTEMPT SUCCESS
PICK UP ATTEMPT BY stjxbn@igo.wvo SUCCESS
END OF DAY: 15
Total Revenue: 15300
Balance: 22300.0
Available Bikes: 45
Service Bikes: 0
Ready Bikes: 5
BIKE ATTEMPTED TO BE SOLD IN PERSON SUCCESS
BIKE ATTEMPTED TO BE SOLD IN PERSON SUCCESS
BIKE ATTEMPTED TO BE SOLD ONLINE BY sjgt@amhvee.uou SUCCESS
BIKE ATTEMPTED TO BE SOLD IN PERSON SUCCESS
END OF DAY: 16
Total Revenue: 19300
Balance: 26300.0
Available Bikes: 41
Service Bikes: 0
Ready Bikes: 6
PICK UP ATTEMPT BY dvexw@gupwl.yub FAILURE: NO_BIKE_MATCHING
PICK UP ATTEMPT BY zvxzy@mbluel.ybs FAILURE: NO_BIKE_MATCHING
END OF DAY: 17
Total Revenue: 19300
Balance: 26300.0
Available Bikes: 41
Service Bikes: 0
Ready Bikes: 6
END OF DAY: 18
Total Revenue: 19300
Balance: 26300.0
Available Bikes: 41
Service Bikes: 0
Ready Bikes: 6
PICK UP ATTEMPT BY fqzto@faonvyz.ckc SUCCESS
BIKE ATTEMPTED TO BE SOLD IN PERSON SUCCESS
BIKE ATTEMPTED TO BE SOLD IN PERSON SUCCESS
BIKE ATTEMPTED TO BE SOLD IN PERSON SUCCESS
END OF DAY: 19
Total Revenue: 22400
Balance: 29400.0
Available Bikes: 38
Service Bikes: 0
Ready Bikes: 5
BIKE ATTEMPTED TO BE SOLD IN PERSON SUCCESS
BIKE ATTEMPTED TO BE SOLD ONLINE BY sacq@yanut.rep SUCCESS
END OF DAY: 20
Total Revenue: 24400
Balance: 31400.0
Available Bikes: 36
Service Bikes: 0
Ready Bikes: 6
PICK UP ATTEMPT BY hugtrb@vdcgv.sfs FAILURE: NO_BIKE_MATCHING
PICK UP ATTEMPT BY wbat@uqlcift.qnh FAILURE: NO_BIKE_MATCHING
PICK UP ATTEMPT BY dvexw@gupwl.yub FAILURE: NO_BIKE_MATCHING
BIKE DELIVERY ATTEMPT SUCCESS
PICK UP ATTEMPT BY fqzto@faonvyz.ckc FAILURE: NO_BIKE_MATCHING
BIKE DELIVERY ATTEMPT SUCCESS
END OF DAY: 21
Total Revenue: 24400
Balance: 20400.0
Available Bikes: 56
Service Bikes: 0
Ready Bikes: 6
BIKE ATTEMPTED TO BE SOLD ONLINE BY fnax@dvcifo.vpm SUCCESS
BIKE ATTEMPTED TO BE SOLD ONLINE BY eahpjl@wjrgwkn.htl SUCCESS
BIKE ATTEMPTED TO BE SOLD ONLINE BY nak@cta.hqb SUCCESS
END OF DAY: 22
Total Revenue: 27400
Balance: 23400.0
Available Bikes: 53
Service Bikes: 0
Ready Bikes: 9
BIKE ATTEMPTED TO BE SOLD IN PERSON SUCCESS
PICK UP ATTEMPT BY pwfey@brw.qdd SUCCESS
END OF DAY: 23
Total Revenue: 28500
Balance: 24500.0
Available Bikes: 52
Service Bikes: 0
Ready Bikes: 8
PICK UP ATTEMPT BY cpmyco@zuzjpv.uco FAILURE: NO_BIKE_MATCHING
PICK UP ATTEMPT BY sacq@yanut.rep SUCCESS
END OF DAY: 24
Total Revenue: 28500
Balance: 24500.0
Available Bikes: 52
Service Bikes: 0
Ready Bikes: 7
BIKE ATTEMPTED TO BE SOLD IN PERSON SUCCESS
END OF DAY: 25
Total Revenue: 29500
Balance: 25500.0
Available Bikes: 51
Service Bikes: 0
Ready Bikes: 7
BIKE ATTEMPTED TO BE SOLD IN PERSON SUCCESS
END OF DAY: 26
Total Revenue: 30500
Balance: 26500.0
Available Bikes: 50
Service Bikes: 0
Ready Bikes: 7
PICK UP ATTEMPT BY lddl@pclyode.tnt FAILURE: NO_BIKE_MATCHING
PICK UP ATTEMPT BY stjxbn@igo.wvo FAILURE: NO_BIKE_MATCHING
END OF DAY: 27
Total Revenue: 30500
Balance: 26500.0
Available Bikes: 50
Service Bikes: 0
Ready Bikes: 7
BIKE ATTEMPTED TO BE SOLD ONLINE BY vdj@wmpasqu.ftw SUCCESS
BIKE ATTEMPTED TO BE SOLD ONLINE BY vos@krv.kas SUCCESS
BIKE ATTEMPTED TO BE SOLD ONLINE BY jwd@ipx.hsz SUCCESS
BIKE ATTEMPTED TO BE SOLD IN PERSON SUCCESS
END OF DAY: 28
Total Revenue: 34500
Balance: 29500.0
Available Bikes: 46
Service Bikes: 0
Ready Bikes: 10
BIKE ATTEMPTED TO BE SOLD ONLINE BY papxhl@isg.gae SUCCESS
END OF DAY: 29
Total Revenue: 35500
Balance: 30500.0
Available Bikes: 45
Service Bikes: 0
Ready Bikes: 11
PICK UP ATTEMPT BY sacq@yanut.rep FAILURE: NO_BIKE_MATCHING
PICK UP ATTEMPT BY hugtrb@vdcgv.sfs FAILURE: NO_BIKE_MATCHING
PICK UP ATTEMPT BY wejf@tnadug.vmp SUCCESS
BIKE ATTEMPTED TO BE SOLD ONLINE BY kdjpy@gyipw.dvd SUCCESS
END OF DAY: 30
Total Revenue: 36500
Balance: 31500.0
Available Bikes: 44
Service Bikes: 0
Ready Bikes: 11
BIKE ATTEMPTED TO BE SOLD IN PERSON SUCCESS
BIKE ATTEMPTED TO BE SOLD ONLINE BY meqw@mwawr.iop SUCCESS
BIKE ATTEMPTED TO BE SOLD IN PERSON SUCCESS
BIKE ATTEMPTED TO BE SOLD IN PERSON SUCCESS
BIKE ATTEMPTED TO BE SOLD ONLINE BY iugyh@mydy.iay SUCCESS
END OF DAY: 31
Total Revenue: 41500
Balance: 36500.0
Available Bikes: 39
Service Bikes: 0
Ready Bikes: 13
DROP OFF ATTEMPT BY zps@todfadb.xot SUCCESS
PICK UP ATTEMPT BY stjxbn@igo.wvo FAILURE: NO_BIKE_MATCHING
DROP OFF ATTEMPT BY mvg@byvs.gzk SUCCESS
END OF DAY: 32
Total Revenue: 41500
Balance: 36500.0
Available Bikes: 39
Service Bikes: 2
Ready Bikes: 13
PICK UP ATTEMPT BY ldkqgyn@xnb.sgm SUCCESS
BIKE ATTEMPTED TO BE SOLD IN PERSON SUCCESS
PICK UP ATTEMPT BY hugtrb@vdcgv.sfs FAILURE: NO_BIKE_MATCHING
BIKE ATTEMPTED TO BE SOLD IN PERSON SUCCESS
PICK UP ATTEMPT BY qbiawr@iotalvk.unz SUCCESS
PICK UP ATTEMPT BY pwfey@brw.qdd FAILURE: NO_BIKE_MATCHING
PICK UP ATTEMPT BY vos@krv.kas SUCCESS
PICK UP ATTEMPT BY sacq@yanut.rep FAILURE: NO_BIKE_MATCHING
BIKE ATTEMPTED TO BE SOLD ONLINE BY ghevd@uvjafzl.ttb SUCCESS
END OF DAY: 33
Total Revenue: 44600
Balance: 39600.0
Available Bikes: 36
Service Bikes: 2
Ready Bikes: 11
BIKE ATTEMPTED TO BE SOLD ONLINE BY kek@amrauyb.xgs SUCCESS
DROP OFF ATTEMPT BY bkeaa@aesec.aju SUCCESS
END OF DAY: 34
Total Revenue: 45600
Balance: 40600.0
Available Bikes: 35
Service Bikes: 2
Ready Bikes: 13
PICK UP ATTEMPT BY lddl@pclyode.tnt FAILURE: NO_BIKE_MATCHING
BIKE ATTEMPTED TO BE SOLD ONLINE BY owrzmvj@toixh.klt SUCCESS
END OF DAY: 35
Total Revenue: 46600
Balance: 40600.0
Available Bikes: 34
Service Bikes: 1
Ready Bikes: 15
BIKE ATTEMPTED TO BE SOLD IN PERSON SUCCESS
END OF DAY: 36
Total Revenue: 47600
Balance: 41600.0
Available Bikes: 33
Service Bikes: 1
Ready Bikes: 15
PICK UP ATTEMPT BY nak@cta.hqb SUCCESS
PICK UP ATTEMPT BY lddl@pclyode.tnt FAILURE: NO_BIKE_MATCHING
PICK UP ATTEMPT BY sacq@yanut.rep FAILURE: NO_BIKE_MATCHING
PICK UP ATTEMPT BY vdj@wmpasqu.ftw SUCCESS
END OF DAY: 37
Total Revenue: 47600
Balance: 41600.0
Available Bikes: 33
Service Bikes: 0
Ready Bikes: 14
PICK UP ATTEMPT BY tlk@xiwk.fxh FAILURE: NO_BIKE_MATCHING
DROP OFF ATTEMPT BY joy@bdqh.qad SUCCESS
PICK UP ATTEMPT BY sacq@yanut.rep FAILURE: NO_BIKE_MATCHING
DROP OFF ATTEMPT BY tlk@xiwk.fxh SUCCESS
DROP OFF ATTEMPT BY gvzh@jatku.gxg SUCCESS
PICK UP ATTEMPT BY wejf@tnadug.vmp FAILURE: NO_BIKE_MATCHING
PICK UP ATTEMPT BY qbiawr@iotalvk.unz FAILURE: NO_BIKE_MATCHING
PICK UP ATTEMPT BY sjgt@amhvee.uou SUCCESS
PICK UP ATTEMPT BY bkeaa@aesec.aju SUCCESS
DROP OFF ATTEMPT BY audvkvh@csqsh.mvn SUCCESS
BIKE ATTEMPTED TO BE SOLD ONLINE BY uyx@wjpjit.zcs SUCCESS
PICK UP ATTEMPT BY dvexw@gupwl.yub FAILURE: NO_BIKE_MATCHING
END OF DAY: 38
Total Revenue: 48700
Balance: 42700.0
Available Bikes: 32
Service Bikes: 4
Ready Bikes: 13
BIKE ATTEMPTED TO BE SOLD IN PERSON SUCCESS
END OF DAY: 39
Total Revenue: 49700
Balance: 43700.0
Available Bikes: 31
Service Bikes: 4
Ready Bikes: 13
BIKE ATTEMPTED TO BE SOLD IN PERSON SUCCESS
BIKE ATTEMPTED TO BE SOLD IN PERSON SUCCESS
DROP OFF ATTEMPT BY lfcfphf@msljum.via SUCCESS
END OF DAY: 40
Total Revenue: 51700
Balance: 45700.0
Available Bikes: 29
Service Bikes: 3
Ready Bikes: 15
DROP OFF ATTEMPT BY kxdonrd@rlmpj.bme SUCCESS
PICK UP ATTEMPT BY kxdonrd@rlmpj.bme FAILURE: NO_BIKE_MATCHING
PICK UP ATTEMPT BY kxdonrd@rlmpj.bme FAILURE: NO_BIKE_MATCHING FAILURE: BIKE_NOT_READY
PICK UP ATTEMPT BY eahpjl@wjrgwkn.htl SUCCESS
PICK UP ATTEMPT BY hugtrb@vdcgv.sfs FAILURE: NO_BIKE_MATCHING
BIKE ATTEMPTED TO BE SOLD IN PERSON SUCCESS
PICK UP ATTEMPT BY dvexw@gupwl.yub FAILURE: NO_BIKE_MATCHING
PICK UP ATTEMPT BY mvg@byvs.gzk SUCCESS
PICK UP ATTEMPT BY cpmyco@zuzjpv.uco FAILURE: NO_BIKE_MATCHING
END OF DAY: 41
Total Revenue: 52900
Balance: 46900.0
Available Bikes: 28
Service Bikes: 3
Ready Bikes: 14
PICK UP ATTEMPT BY kxdonrd@rlmpj.bme FAILURE: NO_BIKE_MATCHING
PICK UP ATTEMPT BY kxdonrd@rlmpj.bme FAILURE: NO_BIKE_MATCHING FAILURE: BIKE_NOT_READY
BIKE DELIVERY ATTEMPT SUCCESS
DROP OFF ATTEMPT BY qkicz@cmjnjlg.kcc SUCCESS
DROP OFF ATTEMPT BY wvgnr@gbuik.xxd SUCCESS
END OF DAY: 42
Total Revenue: 52900
Balance: 40900.0
Available Bikes: 38
Service Bikes: 4
Ready Bikes: 15
DROP OFF ATTEMPT BY uapkotx@teg.cok SUCCESS
BIKE ATTEMPTED TO BE SOLD IN PERSON SUCCESS
BIKE ATTEMPTED TO BE SOLD IN PERSON SUCCESS
END OF DAY: 43
Total Revenue: 54900
Balance: 42900.0
Available Bikes: 36
Service Bikes: 4
Ready Bikes: 16
BIKE ATTEMPTED TO BE SOLD IN PERSON SUCCESS
PICK UP ATTEMPT BY owrzmvj@toixh.klt SUCCESS
BIKE ATTEMPTED TO BE SOLD ONLINE BY wobg@acktmf.qbf SUCCESS
END OF DAY: 44
Total Revenue: 56900
Balance: 44900.0
Available Bikes: 34
Service Bikes: 2
Ready Bikes: 18
DROP OFF ATTEMPT BY yjdh@jnxb.uxq SUCCESS
PICK UP ATTEMPT BY mvg@byvs.gzk FAILURE: NO_BIKE_MATCHING
PICK UP ATTEMPT BY audvkvh@csqsh.mvn SUCCESS
PICK UP ATTEMPT BY pwfey@brw.qdd FAILURE: NO_BIKE_MATCHING
END OF DAY: 45
Total Revenue: 57000
Balance: 45000.0
Available Bikes: 34
Service Bikes: 2
Ready Bikes: 18
PICK UP ATTEMPT BY xswdosz@ypps.kzj FAILURE: NO_BIKE_MATCHING
BIKE DELIVERY ATTEMPT SUCCESS
BIKE ATTEMPTED TO BE SOLD ONLINE BY xswdosz@ypps.kzj SUCCESS
BIKE ATTEMPTED TO BE SOLD IN PERSON SUCCESS
END OF DAY: 46
Total Revenue: 59000
Balance: 42000.0
Available Bikes: 42
Service Bikes: 2
Ready Bikes: 19
PICK UP ATTEMPT BY pwfey@brw.qdd FAILURE: NO_BIKE_MATCHING
BIKE ATTEMPTED TO BE SOLD ONLINE BY xlmm@xnyz.rmq SUCCESS
PICK UP ATTEMPT BY joy@bdqh.qad SUCCESS
PICK UP ATTEMPT BY xswdosz@ypps.kzj SUCCESS
PICK UP ATTEMPT BY uyx@wjpjit.zcs SUCCESS
PICK UP ATTEMPT BY ggyv@rfdownu.rnl FAILURE: NO_BIKE_MATCHING
END OF DAY: 47
Total Revenue: 60100
Balance: 43100.0
Available Bikes: 41
Service Bikes: 1
Ready Bikes: 18
PICK UP ATTEMPT BY fiamch@kphff.wtr FAILURE: NO_BIKE_MATCHING
PICK UP ATTEMPT BY yjdh@jnxb.uxq SUCCESS
BIKE ATTEMPTED TO BE SOLD IN PERSON SUCCESS
PICK UP ATTEMPT BY wbat@uqlcift.qnh FAILURE: NO_BIKE_MATCHING
DROP OFF ATTEMPT BY qsj@ulxc.ndv SUCCESS
PICK UP ATTEMPT BY lddl@pclyode.tnt FAILURE: NO_BIKE_MATCHING
BIKE ATTEMPTED TO BE SOLD IN PERSON SUCCESS
PICK UP ATTEMPT BY owrzmvj@toixh.klt FAILURE: NO_BIKE_MATCHING
END OF DAY: 48
Total Revenue: 62200
Balance: 45200.0
Available Bikes: 39
Service Bikes: 1
Ready Bikes: 18
PICK UP ATTEMPT BY fqzto@faonvyz.ckc FAILURE: NO_BIKE_MATCHING
BIKE DELIVERY ATTEMPT SUCCESS
BIKE DELIVERY ATTEMPT SUCCESS
BIKE ATTEMPTED TO BE SOLD ONLINE BY yut@ifgfau.nib SUCCESS
END OF DAY: 49
Total Revenue: 63200
Balance: 35200.0
Available Bikes: 58
Service Bikes: 1
Ready Bikes: 19
BIKE ATTEMPTED TO BE SOLD ONLINE BY fgf@xzqtqjp.tve SUCCESS
BIKE ATTEMPTED TO BE SOLD IN PERSON SUCCESS
PICK UP ATTEMPT BY ggyv@rfdownu.rnl FAILURE: NO_BIKE_MATCHING
END OF DAY: 50
Total Revenue: 65200
Balance: 37200.0
Available Bikes: 56
Service Bikes: 0
Ready Bikes: 21
PICK UP ATTEMPT BY papxhl@isg.gae SUCCESS
PICK UP ATTEMPT BY xlmm@xnyz.rmq SUCCESS
PICK UP ATTEMPT BY yut@ifgfau.nib SUCCESS
PICK UP ATTEMPT BY ggyv@rfdownu.rnl FAILURE: NO_BIKE_MATCHING
PICK UP ATTEMPT BY eahpjl@wjrgwkn.htl FAILURE: NO_BIKE_MATCHING
PICK UP ATTEMPT BY fqzto@faonvyz.ckc FAILURE: NO_BIKE_MATCHING
END OF DAY: 51
Total Revenue: 65200
Balance: 37200.0
Available Bikes: 56
Service Bikes: 0
Ready Bikes: 18
BIKE ATTEMPTED TO BE SOLD IN PERSON SUCCESS
PICK UP ATTEMPT BY wobg@acktmf.qbf SUCCESS
DROP OFF ATTEMPT BY zrnne@hhmp.wpm SUCCESS
BIKE DELIVERY ATTEMPT SUCCESS
BIKE ATTEMPTED TO BE SOLD IN PERSON SUCCESS
END OF DAY: 52
Total Revenue: 67200
Balance: 34200.0
Available Bikes: 64
Service Bikes: 1
Ready Bikes: 17
BIKE ATTEMPTED TO BE SOLD ONLINE BY lbixfg@fvw.son SUCCESS
PICK UP ATTEMPT BY joy@bdqh.qad FAILURE: NO_BIKE_MATCHING
PICK UP ATTEMPT BY qkicz@cmjnjlg.kcc SUCCESS
BIKE ATTEMPTED TO BE SOLD ONLINE BY lietbmc@qlgdes.jah SUCCESS
BIKE ATTEMPTED TO BE SOLD IN PERSON SUCCESS
PICK UP ATTEMPT BY uyx@wjpjit.zcs FAILURE: NO_BIKE_MATCHING
BIKE ATTEMPTED TO BE SOLD ONLINE BY bnj@opzmjn.jxp SUCCESS
BIKE ATTEMPTED TO BE SOLD ONLINE BY aqzir@mjdbcan.bnf SUCCESS
PICK UP ATTEMPT BY pwfey@brw.qdd FAILURE: NO_BIKE_MATCHING
PICK UP ATTEMPT BY kdjpy@gyipw.dvd SUCCESS
BIKE ATTEMPTED TO BE SOLD ONLINE BY vqyjjkq@mtaz.ugx SUCCESS
BIKE ATTEMPTED TO BE SOLD IN PERSON SUCCESS
PICK UP ATTEMPT BY joy@bdqh.qad FAILURE: NO_BIKE_MATCHING
END OF DAY: 53
Total Revenue: 74300
Balance: 41300.0
Available Bikes: 57
Service Bikes: 1
Ready Bikes: 20
END OF DAY: 54
Total Revenue: 74300
Balance: 41300.0
Available Bikes: 57
Service Bikes: 0
Ready Bikes: 21
BIKE ATTEMPTED TO BE SOLD IN PERSON SUCCESS
PICK UP ATTEMPT BY zrnne@hhmp.wpm SUCCESS
BIKE ATTEMPTED TO BE SOLD IN PERSON SUCCESS
PICK UP ATTEMPT BY zrnne@hhmp.wpm FAILURE: NO_BIKE_MATCHING
END OF DAY: 55
Total Revenue: 76400
Balance: 43400.0
Available Bikes: 55
Service Bikes: 0
Ready Bikes: 20
PICK UP ATTEMPT BY sacq@yanut.rep FAILURE: NO_BIKE_MATCHING
PICK UP ATTEMPT BY qbiawr@iotalvk.unz FAILURE: NO_BIKE_MATCHING
PICK UP ATTEMPT BY lmtex@jwup.mhy FAILURE: NO_BIKE_MATCHING
PICK UP ATTEMPT BY fgf@xzqtqjp.tve SUCCESS
PICK UP ATTEMPT BY qbiawr@iotalvk.unz FAILURE: NO_BIKE_MATCHING
PICK UP ATTEMPT BY wvgnr@gbuik.xxd SUCCESS
BIKE ATTEMPTED TO BE SOLD IN PERSON SUCCESS
DROP OFF ATTEMPT BY vzuw@arxky.whz SUCCESS
BIKE ATTEMPTED TO BE SOLD IN PERSON SUCCESS
END OF DAY: 56
Total Revenue: 78500
Balance: 44500.0
Available Bikes: 53
Service Bikes: 1
Ready Bikes: 18
BIKE ATTEMPTED TO BE SOLD ONLINE BY ilp@fqje.vke SUCCESS
BIKE ATTEMPTED TO BE SOLD IN PERSON SUCCESS
PICK UP ATTEMPT BY aqzir@mjdbcan.bnf SUCCESS
BIKE ATTEMPTED TO BE SOLD IN PERSON SUCCESS
BIKE ATTEMPTED TO BE SOLD IN PERSON SUCCESS
BIKE ATTEMPTED TO BE SOLD ONLINE BY eqxfd@wns.wuj SUCCESS
BIKE ATTEMPTED TO BE SOLD IN PERSON SUCCESS
BIKE ATTEMPTED TO BE SOLD IN PERSON SUCCESS
END OF DAY: 57
Total Revenue: 85500
Balance: 51500.0
Available Bikes: 46
Service Bikes: 1
Ready Bikes: 19
PICK UP ATTEMPT BY xswdosz@ypps.kzj FAILURE: NO_BIKE_MATCHING
PICK UP ATTEMPT BY audvkvh@csqsh.mvn FAILURE: NO_BIKE_MATCHING
PICK UP ATTEMPT BY efnj@arakdp.nzs FAILURE: NO_BIKE_MATCHING
DROP OFF ATTEMPT BY mort@haf.izf SUCCESS
PICK UP ATTEMPT BY zps@todfadb.xot SUCCESS
END OF DAY: 58
Total Revenue: 85600
Balance: 51600.0
Available Bikes: 46
Service Bikes: 1
Ready Bikes: 19
DROP OFF ATTEMPT BY lljwmev@ipuci.mtf SUCCESS
BIKE ATTEMPTED TO BE SOLD IN PERSON SUCCESS
PICK UP ATTEMPT BY yut@ifgfau.nib FAILURE: NO_BIKE_MATCHING
PICK UP ATTEMPT BY kdjpy@gyipw.dvd FAILURE: NO_BIKE_MATCHING
PICK UP ATTEMPT BY xswdosz@ypps.kzj FAILURE: NO_BIKE_MATCHING
PICK UP ATTEMPT BY fgf@xzqtqjp.tve FAILURE: NO_BIKE_MATCHING
DROP OFF ATTEMPT BY qozy@blbdchd.los SUCCESS
BIKE ATTEMPTED TO BE SOLD IN PERSON SUCCESS
END OF DAY: 59
Total Revenue: 87600
Balance: 53600.0
Available Bikes: 44
Service Bikes: 3
Ready Bikes: 19
PICK UP ATTEMPT BY qozy@blbdchd.los FAILURE: NO_BIKE_MATCHING
PICK UP ATTEMPT BY qozy@blbdchd.los FAILURE: NO_BIKE_MATCHING FAILURE: BIKE_NOT_READY
BIKE ATTEMPTED TO BE SOLD IN PERSON SUCCESS
BIKE ATTEMPTED TO BE SOLD IN PERSON SUCCESS
END OF DAY: 60
Total Revenue: 89700
Balance: 55700.0
Available Bikes: 42
Service Bikes: 2
Ready Bikes: 20
PICK UP ATTEMPT BY fqzto@faonvyz.ckc FAILURE: NO_BIKE_MATCHING
BIKE DELIVERY ATTEMPT SUCCESS
END OF DAY: 61
Total Revenue: 89700
Balance: 50700.0
Available Bikes: 52
Service Bikes: 1
Ready Bikes: 21
PICK UP ATTEMPT BY tlk@xiwk.fxh SUCCESS
PICK UP ATTEMPT BY ggyv@rfdownu.rnl FAILURE: NO_BIKE_MATCHING
PICK UP ATTEMPT BY audvkvh@csqsh.mvn FAILURE: NO_BIKE_MATCHING
PICK UP ATTEMPT BY nak@cta.hqb FAILURE: NO_BIKE_MATCHING
DROP OFF ATTEMPT BY adhbow@gvmj.azz SUCCESS
PICK UP ATTEMPT BY zvxzy@mbluel.ybs FAILURE: NO_BIKE_MATCHING
END OF DAY: 62
Total Revenue: 89800
Balance: 50800.0
Available Bikes: 52
Service Bikes: 1
Ready Bikes: 21
BIKE ATTEMPTED TO BE SOLD IN PERSON SUCCESS
BIKE ATTEMPTED TO BE SOLD ONLINE BY tepx@mihlxn.ktc SUCCESS
PICK UP ATTEMPT BY sjgt@amhvee.uou FAILURE: NO_BIKE_MATCHING
BIKE ATTEMPTED TO BE SOLD ONLINE BY druissx@dthc.eue SUCCESS
END OF DAY: 63
Total Revenue: 92800
Balance: 52800.0
Available Bikes: 49
Service Bikes: 1
Ready Bikes: 23
PICK UP ATTEMPT BY stjxbn@igo.wvo FAILURE: NO_BIKE_MATCHING
PICK UP ATTEMPT BY fqzto@faonvyz.ckc FAILURE: NO_BIKE_MATCHING
PICK UP ATTEMPT BY mort@haf.izf SUCCESS
PICK UP ATTEMPT BY qozy@blbdchd.los SUCCESS
PICK UP ATTEMPT BY vdj@wmpasqu.ftw FAILURE: NO_BIKE_MATCHING
PICK UP ATTEMPT BY fiamch@kphff.wtr FAILURE: NO_BIKE_MATCHING
PICK UP ATTEMPT BY eahpjl@wjrgwkn.htl FAILURE: NO_BIKE_MATCHING
END OF DAY: 64
Total Revenue: 92900
Balance: 52900.0
Available Bikes: 49
Service Bikes: 0
Ready Bikes: 22
PICK UP ATTEMPT BY eqxfd@wns.wuj SUCCESS
PICK UP ATTEMPT BY lfcfphf@msljum.via SUCCESS
END OF DAY: 65
Total Revenue: 93000
Balance: 53000.0
Available Bikes: 49
Service Bikes: 0
Ready Bikes: 20
BIKE ATTEMPTED TO BE SOLD IN PERSON SUCCESS
BIKE ATTEMPTED TO BE SOLD IN PERSON SUCCESS
END OF DAY: 66
Total Revenue: 95000
Balance: 55000.0
Available Bikes: 47
Service Bikes: 0
Ready Bikes: 20
DROP OFF ATTEMPT BY rrqv@kbhy.zub SUCCESS
END OF DAY: 67
Total Revenue: 95000
Balance: 55000.0
Available Bikes: 47
Service Bikes: 1
Ready Bikes: 20
DROP OFF ATTEMPT BY otzt@abdqnrt.prj SUCCESS
PICK UP ATTEMPT BY bnj@opzmjn.jxp SUCCESS
PICK UP ATTEMPT BY ilp@fqje.vke SUCCESS
BIKE ATTEMPTED TO BE SOLD IN PERSON SUCCESS
END OF DAY: 68
Total Revenue: 96000
Balance: 56000.0
Available Bikes: 46
Service Bikes: 2
Ready Bikes: 18
BIKE ATTEMPTED TO BE SOLD IN PERSON SUCCESS
PICK UP ATTEMPT BY uapkotx@teg.cok SUCCESS
PICK UP ATTEMPT BY papxhl@isg.gae FAILURE: NO_BIKE_MATCHING
END OF DAY: 69
Total Revenue: 97100
Balance: 57100.0
Available Bikes: 45
Service Bikes: 1
Ready Bikes: 18
PICK UP ATTEMPT BY uyx@wjpjit.zcs FAILURE: NO_BIKE_MATCHING
PICK UP ATTEMPT BY mvg@byvs.gzk FAILURE: NO_BIKE_MATCHING
PICK UP ATTEMPT BY bkeaa@aesec.aju FAILURE: NO_BIKE_MATCHING
PICK UP ATTEMPT BY lddl@pclyode.tnt FAILURE: NO_BIKE_MATCHING
END OF DAY: 70
Total Revenue: 97100
Balance: 56100.0
Available Bikes: 45
Service Bikes: 1
Ready Bikes: 18
PICK UP ATTEMPT BY cpmyco@zuzjpv.uco FAILURE: NO_BIKE_MATCHING
BIKE ATTEMPTED TO BE SOLD IN PERSON SUCCESS
BIKE DELIVERY ATTEMPT SUCCESS
BIKE ATTEMPTED TO BE SOLD ONLINE BY cub@iagajne.vsb SUCCESS
END OF DAY: 71
Total Revenue: 99100
Balance: 53100.0
Available Bikes: 53
Service Bikes: 0
Ready Bikes: 20
PICK UP ATTEMPT BY qsj@ulxc.ndv SUCCESS
PICK UP ATTEMPT BY yjdh@jnxb.uxq FAILURE: NO_BIKE_MATCHING
PICK UP ATTEMPT BY vdj@wmpasqu.ftw FAILURE: NO_BIKE_MATCHING
PICK UP ATTEMPT BY ilp@fqje.vke FAILURE: NO_BIKE_MATCHING
END OF DAY: 72
Total Revenue: 99200
Balance: 53200.0
Available Bikes: 53
Service Bikes: 0
Ready Bikes: 19
BIKE ATTEMPTED TO BE SOLD IN PERSON SUCCESS
BIKE ATTEMPTED TO BE SOLD IN PERSON SUCCESS
BIKE ATTEMPTED TO BE SOLD IN PERSON SUCCESS
BIKE ATTEMPTED TO BE SOLD IN PERSON SUCCESS
DROP OFF ATTEMPT BY tmhl@aqfzds.mft SUCCESS
END OF DAY: 73
Total Revenue: 103200
Balance: 57200.0
Available Bikes: 49
Service Bikes: 1
Ready Bikes: 19
PICK UP ATTEMPT BY xlmm@xnyz.rmq FAILURE: NO_BIKE_MATCHING
PICK UP ATTEMPT BY xswdosz@ypps.kzj FAILURE: NO_BIKE_MATCHING
PICK UP ATTEMPT BY vos@krv.kas FAILURE: NO_BIKE_MATCHING
PICK UP ATTEMPT BY tepx@mihlxn.ktc SUCCESS
END OF DAY: 74
Total Revenue: 103200
Balance: 57200.0
Available Bikes: 49
Service Bikes: 1
Ready Bikes: 18
END OF DAY: 75
Total Revenue: 103200
Balance: 57200.0
Available Bikes: 49
Service Bikes: 0
Ready Bikes: 19
END OF DAY: 76
Total Revenue: 103200
Balance: 57200.0
Available Bikes: 49
Service Bikes: 0
Ready Bikes: 19
DROP OFF ATTEMPT BY oirzqn@qocihp.qwv SUCCESS
DROP OFF ATTEMPT BY huwte@uioiit.fzb SUCCESS
BIKE ATTEMPTED TO BE SOLD IN PERSON SUCCESS
DROP OFF ATTEMPT BY rkftjg@maksggk.bbt SUCCESS
END OF DAY: 77
Total Revenue: 104200
Balance: 57200.0
Available Bikes: 48
Service Bikes: 3
Ready Bikes: 19
DROP OFF ATTEMPT BY cjxnact@esaocmv.udj SUCCESS
END OF DAY: 78
Total Revenue: 104200
Balance: 57200.0
Available Bikes: 48
Service Bikes: 4
Ready Bikes: 19
BIKE ATTEMPTED TO BE SOLD ONLINE BY sust@dnbwqb.acg SUCCESS
BIKE ATTEMPTED TO BE SOLD ONLINE BY bobj@vpdwi.yrj SUCCESS
BIKE ATTEMPTED TO BE SOLD ONLINE BY owrzk@purhy.olz SUCCESS
PICK UP ATTEMPT BY eahpjl@wjrgwkn.htl FAILURE: NO_BIKE_MATCHING
END OF DAY: 79
Total Revenue: 107200
Balance: 60200.0
Available Bikes: 45
Service Bikes: 2
Ready Bikes: 24
BIKE ATTEMPTED TO BE SOLD IN PERSON SUCCESS
DROP OFF ATTEMPT BY uploe@hurreu.ffq SUCCESS
PICK UP ATTEMPT BY wymp@dkdqn.lka FAILURE: NO_BIKE_MATCHING
PICK UP ATTEMPT BY rkftjg@maksggk.bbt SUCCESS
END OF DAY: 80
Total Revenue: 108300
Balance: 61300.0
Available Bikes: 44
Service Bikes: 2
Ready Bikes: 24
BIKE ATTEMPTED TO BE SOLD IN PERSON SUCCESS
PICK UP ATTEMPT BY fnax@dvcifo.vpm SUCCESS
BIKE ATTEMPTED TO BE SOLD IN PERSON SUCCESS
END OF DAY: 81
Total Revenue: 110300
Balance: 63300.0
Available Bikes: 42
Service Bikes: 2
Ready Bikes: 23
BIKE ATTEMPTED TO BE SOLD ONLINE BY cjkbuyj@ueoow.njf SUCCESS
PICK UP ATTEMPT BY vzuw@arxky.whz SUCCESS
PICK UP ATTEMPT BY zvxzy@mbluel.ybs FAILURE: NO_BIKE_MATCHING
END OF DAY: 82
Total Revenue: 111400
Balance: 64400.0
Available Bikes: 41
Service Bikes: 1
Ready Bikes: 24
PICK UP ATTEMPT BY lfcfphf@msljum.via FAILURE: NO_BIKE_MATCHING
END OF DAY: 83
Total Revenue: 111400
Balance: 64400.0
Available Bikes: 41
Service Bikes: 0
Ready Bikes: 25
BIKE ATTEMPTED TO BE SOLD IN PERSON SUCCESS
BIKE ATTEMPTED TO BE SOLD IN PERSON SUCCESS
BIKE ATTEMPTED TO BE SOLD IN PERSON SUCCESS
END OF DAY: 84
Total Revenue: 114400
Balance: 66400.0
Available Bikes: 38
Service Bikes: 0
Ready Bikes: 25
PICK UP ATTEMPT BY nak@cta.hqb FAILURE: NO_BIKE_MATCHING
END OF DAY: 85
Total Revenue: 114400
Balance: 66400.0
Available Bikes: 38
Service Bikes: 0
Ready Bikes: 25
BIKE ATTEMPTED TO BE SOLD IN PERSON SUCCESS
BIKE ATTEMPTED TO BE SOLD IN PERSON SUCCESS
BIKE ATTEMPTED TO BE SOLD IN PERSON SUCCESS
BIKE ATTEMPTED TO BE SOLD IN PERSON SUCCESS
BIKE ATTEMPTED TO BE SOLD IN PERSON SUCCESS
BIKE ATTEMPTED TO BE SOLD IN PERSON SUCCESS
END OF DAY: 86
Total Revenue: 120400
Balance: 72400.0
Available Bikes: 32
Service Bikes: 0
Ready Bikes: 25
PICK UP ATTEMPT BY lljwmev@ipuci.mtf SUCCESS
END OF DAY: 87
Total Revenue: 120500
Balance: 72500.0
Available Bikes: 32
Service Bikes: 0
Ready Bikes: 24
END OF DAY: 88
Total Revenue: 120500
Balance: 72500.0
Available Bikes: 32
Service Bikes: 0
Ready Bikes: 24
BIKE DELIVERY ATTEMPT SUCCESS
PICK UP ATTEMPT BY cub@iagajne.vsb SUCCESS
BIKE ATTEMPTED TO BE SOLD ONLINE BY ufcslv@cjgz.mep SUCCESS
BIKE ATTEMPTED TO BE SOLD ONLINE BY bsyijor@ohgyerb.bmb SUCCESS
BIKE ATTEMPTED TO BE SOLD IN PERSON SUCCESS
BIKE ATTEMPTED TO BE SOLD IN PERSON SUCCESS
BIKE ATTEMPTED TO BE SOLD IN PERSON SUCCESS
PICK UP ATTEMPT BY qbiawr@iotalvk.unz FAILURE: NO_BIKE_MATCHING
BIKE DELIVERY ATTEMPT SUCCESS
BIKE ATTEMPTED TO BE SOLD ONLINE BY ycgnf@gemuww.yfh SUCCESS
BIKE ATTEMPTED TO BE SOLD IN PERSON SUCCESS
END OF DAY: 89
Total Revenue: 127500
Balance: 69500.0
Available Bikes: 45
Service Bikes: 0
Ready Bikes: 26
PICK UP ATTEMPT BY lljwmev@ipuci.mtf FAILURE: NO_BIKE_MATCHING
PICK UP ATTEMPT BY joy@bdqh.qad FAILURE: NO_BIKE_MATCHING
END OF DAY: 90
Total Revenue: 127500
Balance: 69500.0
Available Bikes: 45
Service Bikes: 0
Ready Bikes: 26
PICK UP ATTEMPT BY lddl@pclyode.tnt FAILURE: NO_BIKE_MATCHING
BIKE ATTEMPTED TO BE SOLD ONLINE BY pno@hrjct.wqu SUCCESS
PICK UP ATTEMPT BY ilp@fqje.vke FAILURE: NO_BIKE_MATCHING
PICK UP ATTEMPT BY jwd@ipx.hsz SUCCESS
END OF DAY: 91
Total Revenue: 128500
Balance: 69500.0
Available Bikes: 44
Service Bikes: 0
Ready Bikes: 26
BIKE ATTEMPTED TO BE SOLD IN PERSON SUCCESS
END OF DAY: 92
Total Revenue: 129500
Balance: 70500.0
Available Bikes: 43
Service Bikes: 0
Ready Bikes: 26
PICK UP ATTEMPT BY ilp@fqje.vke FAILURE: NO_BIKE_MATCHING
PICK UP ATTEMPT BY sust@dnbwqb.acg SUCCESS
PICK UP ATTEMPT BY eahpjl@wjrgwkn.htl FAILURE: NO_BIKE_MATCHING
END OF DAY: 93
Total Revenue: 129500
Balance: 70500.0
Available Bikes: 43
Service Bikes: 0
Ready Bikes: 25
BIKE DELIVERY ATTEMPT SUCCESS
BIKE ATTEMPTED TO BE SOLD ONLINE BY qnfnmqk@msqdyt.tbp SUCCESS
BIKE ATTEMPTED TO BE SOLD ONLINE BY ymob@wjmfk.muk SUCCESS
END OF DAY: 94
Total Revenue: 131500
Balance: 67500.0
Available Bikes: 51
Service Bikes: 0
Ready Bikes: 27
PICK UP ATTEMPT BY wobg@acktmf.qbf FAILURE: NO_BIKE_MATCHING
BIKE ATTEMPTED TO BE SOLD ONLINE BY admh@fsd.afv SUCCESS
END OF DAY: 95
Total Revenue: 132500
Balance: 68500.0
Available Bikes: 50
Service Bikes: 0
Ready Bikes: 28
PICK UP ATTEMPT BY wobg@acktmf.qbf FAILURE: NO_BIKE_MATCHING
PICK UP ATTEMPT BY xswdosz@ypps.kzj FAILURE: NO_BIKE_MATCHING
DROP OFF ATTEMPT BY kfgjkkb@eaxvsxw.xil SUCCESS
END OF DAY: 96
Total Revenue: 132500
Balance: 68500.0
Available Bikes: 50
Service Bikes: 1
Ready Bikes: 28
BIKE ATTEMPTED TO BE SOLD IN PERSON SUCCESS
BIKE ATTEMPTED TO BE SOLD IN PERSON SUCCESS
PICK UP ATTEMPT BY owrzmvj@toixh.klt FAILURE: NO_BIKE_MATCHING
PICK UP ATTEMPT BY fnax@dvcifo.vpm FAILURE: NO_BIKE_MATCHING
PICK UP ATTEMPT BY lddl@pclyode.tnt FAILURE: NO_BIKE_MATCHING
END OF DAY: 97
Total Revenue: 134500
Balance: 70500.0
Available Bikes: 48
Service Bikes: 1
Ready Bikes: 28
PICK UP ATTEMPT BY lljwmev@ipuci.mtf FAILURE: NO_BIKE_MATCHING
PICK UP ATTEMPT BY aqzir@mjdbcan.bnf FAILURE: NO_BIKE_MATCHING
PICK UP ATTEMPT BY bsyijor@ohgyerb.bmb SUCCESS
PICK UP ATTEMPT BY huwte@uioiit.fzb SUCCESS
END OF DAY: 98
Total Revenue: 134600
Balance: 69600.0
Available Bikes: 48
Service Bikes: 0
Ready Bikes: 27
BIKE ATTEMPTED TO BE SOLD ONLINE BY cdpqly@bimfzmp.ayd SUCCESS
BIKE ATTEMPTED TO BE SOLD ONLINE BY jdja@xqakj.otc SUCCESS
PICK UP ATTEMPT BY vos@krv.kas FAILURE: NO_BIKE_MATCHING
BIKE ATTEMPTED TO BE SOLD ONLINE BY ixmqn@gxc.vyg SUCCESS
PICK UP ATTEMPT BY lljwmev@ipuci.mtf FAILURE: NO_BIKE_MATCHING
BIKE ATTEMPTED TO BE SOLD ONLINE BY izubigm@yfwvlmg.mej SUCCESS
PICK UP ATTEMPT BY jwd@ipx.hsz FAILURE: NO_BIKE_MATCHING
BIKE ATTEMPTED TO BE SOLD ONLINE BY dkh@ovh.lfs SUCCESS
BIKE ATTEMPTED TO BE SOLD IN PERSON SUCCESS
END OF DAY: 99
Total Revenue: 140600
Balance: 75600.0
Available Bikes: 42
Service Bikes: 0
Ready Bikes: 32
PICK UP ATTEMPT BY oirzqn@qocihp.qwv SUCCESS
BIKE ATTEMPTED TO BE SOLD IN PERSON SUCCESS
PICK UP ATTEMPT BY rrqv@kbhy.zub SUCCESS
END OF DAY: 100
Total Revenue: 141800
Balance: 76800.0
Available Bikes: 41
Service Bikes: 0
Ready Bikes: 30
BIKE ATTEMPTED TO BE SOLD ONLINE BY qpiz@yis.zkw SUCCESS
BIKE ATTEMPTED TO BE SOLD ONLINE BY jfdrdl@qgztjnn.wxe SUCCESS
DROP OFF ATTEMPT BY xhmpxux@basqhc.pbp SUCCESS
END OF DAY: 101
Total Revenue: 143800
Balance: 78800.0
Available Bikes: 39
Service Bikes: 1
Ready Bikes: 32
BIKE ATTEMPTED TO BE SOLD ONLINE BY wqof@enz.nbk SUCCESS
BIKE ATTEMPTED TO BE SOLD ONLINE BY jemcgbi@qrt.lto SUCCESS
BIKE ATTEMPTED TO BE SOLD IN PERSON SUCCESS
BIKE ATTEMPTED TO BE SOLD IN PERSON SUCCESS
END OF DAY: 102
Total Revenue: 147800
Balance: 82800.0
Available Bikes: 35
Service Bikes: 1
Ready Bikes: 34
PICK UP ATTEMPT BY druissx@dthc.eue SUCCESS
END OF DAY: 103
Total Revenue: 147800
Balance: 82800.0
Available Bikes: 35
Service Bikes: 0
Ready Bikes: 34
DROP OFF ATTEMPT BY nqjwpb@ujq.rgr SUCCESS
PICK UP ATTEMPT BY cjxnact@esaocmv.udj SUCCESS
DROP OFF ATTEMPT BY iff@rehbk.plp SUCCESS
PICK UP ATTEMPT BY huwte@uioiit.fzb FAILURE: NO_BIKE_MATCHING
PICK UP ATTEMPT BY bsyijor@ohgyerb.bmb FAILURE: NO_BIKE_MATCHING
BIKE ATTEMPTED TO BE SOLD IN PERSON SUCCESS
PICK UP ATTEMPT BY rkftjg@maksggk.bbt FAILURE: NO_BIKE_MATCHING
PICK UP ATTEMPT BY efnj@arakdp.nzs FAILURE: NO_BIKE_MATCHING
PICK UP ATTEMPT BY zvxzy@mbluel.ybs FAILURE: NO_BIKE_MATCHING
END OF DAY: 104
Total Revenue: 148900
Balance: 83900.0
Available Bikes: 34
Service Bikes: 2
Ready Bikes: 33
END OF DAY: 105
Total Revenue: 148900
Balance: 82900.0
Available Bikes: 34
Service Bikes: 2
Ready Bikes: 33
BIKE ATTEMPTED TO BE SOLD IN PERSON SUCCESS
BIKE DELIVERY ATTEMPT SUCCESS
END OF DAY: 106
Total Revenue: 149900
Balance: 78900.0
Available Bikes: 43
Service Bikes: 1
Ready Bikes: 34
BIKE DELIVERY ATTEMPT SUCCESS
BIKE ATTEMPTED TO BE SOLD IN PERSON SUCCESS
END OF DAY: 107
Total Revenue: 150900
Balance: 74900.0
Available Bikes: 52
Service Bikes: 0
Ready Bikes: 35
PICK UP ATTEMPT BY ghevd@uvjafzl.ttb SUCCESS
PICK UP ATTEMPT BY gvzh@jatku.gxg SUCCESS
DROP OFF ATTEMPT BY gnprmrm@huwglom.jfm SUCCESS
BIKE ATTEMPTED TO BE SOLD IN PERSON SUCCESS
END OF DAY: 108
Total Revenue: 152000
Balance: 76000.0
Available Bikes: 51
Service Bikes: 1
Ready Bikes: 33
PICK UP ATTEMPT BY wqof@enz.nbk SUCCESS
PICK UP ATTEMPT BY vqyjjkq@mtaz.ugx SUCCESS
PICK UP ATTEMPT BY lddl@pclyode.tnt FAILURE: NO_BIKE_MATCHING
BIKE ATTEMPTED TO BE SOLD ONLINE BY kcuuib@msuxw.pyp SUCCESS
BIKE ATTEMPTED TO BE SOLD ONLINE BY woi@ocwsg.kfg SUCCESS
END OF DAY: 109
Total Revenue: 154000
Balance: 78000.0
Available Bikes: 49
Service Bikes: 1
Ready Bikes: 33
PICK UP ATTEMPT BY ixmqn@gxc.vyg SUCCESS
BIKE ATTEMPTED TO BE SOLD ONLINE BY xeaw@aqwnjp.ucb SUCCESS
DROP OFF ATTEMPT BY yzxjkxd@hvzmne.eol SUCCESS
PICK UP ATTEMPT BY rrqv@kbhy.zub FAILURE: NO_BIKE_MATCHING
BIKE ATTEMPTED TO BE SOLD ONLINE BY lhxvp@wecrxlf.mxp SUCCESS
PICK UP ATTEMPT BY admh@fsd.afv SUCCESS
PICK UP ATTEMPT BY tmhl@aqfzds.mft SUCCESS
END OF DAY: 110
Total Revenue: 156100
Balance: 80100.0
Available Bikes: 47
Service Bikes: 1
Ready Bikes: 33
BIKE DELIVERY ATTEMPT SUCCESS
BIKE ATTEMPTED TO BE SOLD ONLINE BY rkieh@krhqs.wcz SUCCESS
BIKE ATTEMPTED TO BE SOLD IN PERSON SUCCESS
BIKE ATTEMPTED TO BE SOLD ONLINE BY qyc@ceavg.vpl SUCCESS
BIKE ATTEMPTED TO BE SOLD IN PERSON SUCCESS
BIKE ATTEMPTED TO BE SOLD IN PERSON SUCCESS
DROP OFF ATTEMPT BY mwsdls@rzlvu.ztw SUCCESS
END OF DAY: 111
Total Revenue: 161100
Balance: 80100.0
Available Bikes: 52
Service Bikes: 2
Ready Bikes: 35
PICK UP ATTEMPT BY cjkbuyj@ueoow.njf SUCCESS
PICK UP ATTEMPT BY tmhl@aqfzds.mft FAILURE: NO_BIKE_MATCHING
PICK UP ATTEMPT BY lbixfg@fvw.son SUCCESS
BIKE ATTEMPTED TO BE SOLD ONLINE BY pvdk@yxqe.yra SUCCESS
BIKE ATTEMPTED TO BE SOLD ONLINE BY bheic@mxxiph.hhg SUCCESS
PICK UP ATTEMPT BY audvkvh@csqsh.mvn FAILURE: NO_BIKE_MATCHING
BIKE ATTEMPTED TO BE SOLD IN PERSON SUCCESS
PICK UP ATTEMPT BY qnfnmqk@msqdyt.tbp SUCCESS
BIKE ATTEMPTED TO BE SOLD ONLINE BY wuguw@rlbl.iww SUCCESS
PICK UP ATTEMPT BY sjgt@amhvee.uou FAILURE: NO_BIKE_MATCHING
BIKE ATTEMPTED TO BE SOLD ONLINE BY lujqwfl@warf.psx SUCCESS
PICK UP ATTEMPT BY stjxbn@igo.wvo FAILURE: NO_BIKE_MATCHING
END OF DAY: 112
Total Revenue: 166100
Balance: 84100.0
Available Bikes: 47
Service Bikes: 1
Ready Bikes: 37
PICK UP ATTEMPT BY wvgnr@gbuik.xxd FAILURE: NO_BIKE_MATCHING
PICK UP ATTEMPT BY fgf@xzqtqjp.tve FAILURE: NO_BIKE_MATCHING
BIKE ATTEMPTED TO BE SOLD IN PERSON SUCCESS
PICK UP ATTEMPT BY sust@dnbwqb.acg FAILURE: NO_BIKE_MATCHING
BIKE ATTEMPTED TO BE SOLD IN PERSON SUCCESS
END OF DAY: 113
Total Revenue: 168100
Balance: 86100.0
Available Bikes: 45
Service Bikes: 1
Ready Bikes: 37
PICK UP ATTEMPT BY xhmpxux@basqhc.pbp SUCCESS
BIKE ATTEMPTED TO BE SOLD ONLINE BY qlyikzt@cwd.mri SUCCESS
END OF DAY: 114
Total Revenue: 169200
Balance: 87200.0
Available Bikes: 44
Service Bikes: 0
Ready Bikes: 38
PICK UP ATTEMPT BY jemcgbi@qrt.lto SUCCESS
PICK UP ATTEMPT BY ilp@fqje.vke FAILURE: NO_BIKE_MATCHING
BIKE ATTEMPTED TO BE SOLD IN PERSON SUCCESS
END OF DAY: 115
Total Revenue: 170200
Balance: 88200.0
Available Bikes: 43
Service Bikes: 0
Ready Bikes: 37
END OF DAY: 116
Total Revenue: 170200
Balance: 88200.0
Available Bikes: 43
Service Bikes: 0
Ready Bikes: 37
PICK UP ATTEMPT BY zrnne@hhmp.wpm FAILURE: NO_BIKE_MATCHING
BIKE ATTEMPTED TO BE SOLD IN PERSON SUCCESS
PICK UP ATTEMPT BY kcuuib@msuxw.pyp SUCCESS
PICK UP ATTEMPT BY yut@ifgfau.nib FAILURE: NO_BIKE_MATCHING
PICK UP ATTEMPT BY ufcslv@cjgz.mep SUCCESS
PICK UP ATTEMPT BY kcuuib@msuxw.pyp FAILURE: NO_BIKE_MATCHING
PICK UP ATTEMPT BY otzt@abdqnrt.prj SUCCESS
END OF DAY: 117
Total Revenue: 171300
Balance: 89300.0
Available Bikes: 42
Service Bikes: 0
Ready Bikes: 34
PICK UP ATTEMPT BY pno@hrjct.wqu SUCCESS
BIKE ATTEMPTED TO BE SOLD IN PERSON SUCCESS
PICK UP ATTEMPT BY oirzqn@qocihp.qwv FAILURE: NO_BIKE_MATCHING
BIKE ATTEMPTED TO BE SOLD ONLINE BY wefpirv@oswgah.lxr SUCCESS
BIKE ATTEMPTED TO BE SOLD ONLINE BY nrhdyen@vnatc.dsk SUCCESS
END OF DAY: 118
Total Revenue: 174300
Balance: 92300.0
Available Bikes: 39
Service Bikes: 0
Ready Bikes: 35
BIKE ATTEMPTED TO BE SOLD ONLINE BY ccme@qtnn.bbx SUCCESS
PICK UP ATTEMPT BY otzt@abdqnrt.prj FAILURE: NO_BIKE_MATCHING
PICK UP ATTEMPT BY gnprmrm@huwglom.jfm SUCCESS
BIKE ATTEMPTED TO BE SOLD ONLINE BY twl@zfo.qfv SUCCESS
PICK UP ATTEMPT BY eqxfd@wns.wuj FAILURE: NO_BIKE_MATCHING
PICK UP ATTEMPT BY wqof@enz.nbk FAILURE: NO_BIKE_MATCHING
END OF DAY: 119
Total Revenue: 176400
Balance: 93400.0
Available Bikes: 37
Service Bikes: 0
Ready Bikes: 36
PICK UP ATTEMPT BY eqxfd@wns.wuj FAILURE: NO_BIKE_MATCHING
BIKE ATTEMPTED TO BE SOLD ONLINE BY itptyz@qwjk.qdc SUCCESS
END OF DAY: 120
Total Revenue: 177400
Balance: 94400.0
Available Bikes: 36
Service Bikes: 0
Ready Bikes: 37
BIKE DELIVERY ATTEMPT SUCCESS
BIKE ATTEMPTED TO BE SOLD ONLINE BY vicos@cglgvo.ipz SUCCESS
PICK UP ATTEMPT BY qyc@ceavg.vpl SUCCESS
PICK UP ATTEMPT BY lmtex@jwup.mhy FAILURE: NO_BIKE_MATCHING
BIKE ATTEMPTED TO BE SOLD ONLINE BY gtddnrv@qqdhz.hor SUCCESS
END OF DAY: 121
Total Revenue: 179400
Balance: 91400.0
Available Bikes: 44
Service Bikes: 0
Ready Bikes: 38
DROP OFF ATTEMPT BY nwdhpi@yhif.gfo SUCCESS
END OF DAY: 122
Total Revenue: 179400
Balance: 91400.0
Available Bikes: 44
Service Bikes: 1
Ready Bikes: 38
PICK UP ATTEMPT BY jwd@ipx.hsz FAILURE: NO_BIKE_MATCHING
PICK UP ATTEMPT BY nwdhpi@yhif.gfo FAILURE: NO_BIKE_MATCHING
PICK UP ATTEMPT BY nwdhpi@yhif.gfo FAILURE: NO_BIKE_MATCHING FAILURE: BIKE_NOT_READY
END OF DAY: 123
Total Revenue: 179500
Balance: 91500.0
Available Bikes: 44
Service Bikes: 1
Ready Bikes: 38
BIKE ATTEMPTED TO BE SOLD IN PERSON SUCCESS
BIKE ATTEMPTED TO BE SOLD IN PERSON SUCCESS
BIKE ATTEMPTED TO BE SOLD IN PERSON SUCCESS
PICK UP ATTEMPT BY ilp@fqje.vke FAILURE: NO_BIKE_MATCHING
PICK UP ATTEMPT BY jwd@ipx.hsz FAILURE: NO_BIKE_MATCHING
PICK UP ATTEMPT BY gvzh@jatku.gxg FAILURE: NO_BIKE_MATCHING
BIKE ATTEMPTED TO BE SOLD IN PERSON SUCCESS
END OF DAY: 124
Total Revenue: 183500
Balance: 95500.0
Available Bikes: 40
Service Bikes: 0
Ready Bikes: 39
PICK UP ATTEMPT BY uyx@wjpjit.zcs FAILURE: NO_BIKE_MATCHING
BIKE ATTEMPTED TO BE SOLD ONLINE BY yxsy@mrcltb.pes SUCCESS
END OF DAY: 125
Total Revenue: 184500
Balance: 96500.0
Available Bikes: 39
Service Bikes: 0
Ready Bikes: 40
PICK UP ATTEMPT BY lmtex@jwup.mhy FAILURE: NO_BIKE_MATCHING
PICK UP ATTEMPT BY rrqv@kbhy.zub FAILURE: NO_BIKE_MATCHING
PICK UP ATTEMPT BY jfdrdl@qgztjnn.wxe SUCCESS
PICK UP ATTEMPT BY sjgt@amhvee.uou FAILURE: NO_BIKE_MATCHING
PICK UP ATTEMPT BY xlmm@xnyz.rmq FAILURE: NO_BIKE_MATCHING
PICK UP ATTEMPT BY wefpirv@oswgah.lxr SUCCESS
BIKE ATTEMPTED TO BE SOLD ONLINE BY yrubt@oom.yxq SUCCESS
END OF DAY: 126
Total Revenue: 185500
Balance: 96500.0
Available Bikes: 38
Service Bikes: 0
Ready Bikes: 39
DROP OFF ATTEMPT BY caabnse@dahqts.lar SUCCESS
END OF DAY: 127
Total Revenue: 185500
Balance: 96500.0
Available Bikes: 38
Service Bikes: 1
Ready Bikes: 39
DROP OFF ATTEMPT BY gdz@rlvgent.nqs SUCCESS
PICK UP ATTEMPT BY zps@todfadb.xot FAILURE: NO_BIKE_MATCHING
PICK UP ATTEMPT BY dvexw@gupwl.yub FAILURE: NO_BIKE_MATCHING
PICK UP ATTEMPT BY yut@ifgfau.nib FAILURE: NO_BIKE_MATCHING
END OF DAY: 128
Total Revenue: 185500
Balance: 96500.0
Available Bikes: 38
Service Bikes: 2
Ready Bikes: 39
PICK UP ATTEMPT BY pbay@miz.ifs FAILURE: NO_BIKE_MATCHING
PICK UP ATTEMPT BY meqw@mwawr.iop SUCCESS
PICK UP ATTEMPT BY wobg@acktmf.qbf FAILURE: NO_BIKE_MATCHING
PICK UP ATTEMPT BY stjxbn@igo.wvo FAILURE: NO_BIKE_MATCHING
PICK UP ATTEMPT BY caabnse@dahqts.lar SUCCESS
BIKE ATTEMPTED TO BE SOLD ONLINE BY pbay@miz.ifs SUCCESS
PICK UP ATTEMPT BY yrubt@oom.yxq SUCCESS
END OF DAY: 129
Total Revenue: 186600
Balance: 97600.0
Available Bikes: 37
Service Bikes: 1
Ready Bikes: 38
BIKE ATTEMPTED TO BE SOLD ONLINE BY jzgu@emyq.pye SUCCESS
END OF DAY: 130
Total Revenue: 187600
Balance: 98600.0
Available Bikes: 36
Service Bikes: 1
Ready Bikes: 39
BIKE ATTEMPTED TO BE SOLD IN PERSON SUCCESS
PICK UP ATTEMPT BY druissx@dthc.eue FAILURE: NO_BIKE_MATCHING
END OF DAY: 131
Total Revenue: 188600
Balance: 99600.0
Available Bikes: 35
Service Bikes: 0
Ready Bikes: 40
PICK UP ATTEMPT BY bobj@vpdwi.yrj SUCCESS
PICK UP ATTEMPT BY bkeaa@aesec.aju FAILURE: NO_BIKE_MATCHING
PICK UP ATTEMPT BY nak@cta.hqb FAILURE: NO_BIKE_MATCHING
BIKE ATTEMPTED TO BE SOLD ONLINE BY byemgtl@rlms.qaw SUCCESS
END OF DAY: 132
Total Revenue: 189600
Balance: 100600.0
Available Bikes: 34
Service Bikes: 0
Ready Bikes: 40
BIKE ATTEMPTED TO BE SOLD ONLINE BY xnfngh@tuggcwi.nda SUCCESS
BIKE ATTEMPTED TO BE SOLD ONLINE BY tphk@mlncman.ehb SUCCESS
END OF DAY: 133
Total Revenue: 191600
Balance: 101600.0
Available Bikes: 32
Service Bikes: 0
Ready Bikes: 42
END OF DAY: 134
Total Revenue: 191600
Balance: 101600.0
Available Bikes: 32
Service Bikes: 0
Ready Bikes: 42
BIKE ATTEMPTED TO BE SOLD IN PERSON SUCCESS
DROP OFF ATTEMPT BY batnizz@kbeg.wet SUCCESS
BIKE ATTEMPTED TO BE SOLD IN PERSON SUCCESS
DROP OFF ATTEMPT BY vejom@ojyilsr.wao SUCCESS
BIKE ATTEMPTED TO BE SOLD IN PERSON SUCCESS
END OF DAY: 135
Total Revenue: 194600
Balance: 104600.0
Available Bikes: 29
Service Bikes: 2
Ready Bikes: 42
END OF DAY: 136
Total Revenue: 194600
Balance: 104600.0
Available Bikes: 29
Service Bikes: 2
Ready Bikes: 42
BIKE ATTEMPTED TO BE SOLD IN PERSON SUCCESS
PICK UP ATTEMPT BY mwsdls@rzlvu.ztw SUCCESS
BIKE DELIVERY ATTEMPT SUCCESS
END OF DAY: 137
Total Revenue: 195700
Balance: 100700.0
Available Bikes: 38
Service Bikes: 1
Ready Bikes: 42
PICK UP ATTEMPT BY hugtrb@vdcgv.sfs FAILURE: NO_BIKE_MATCHING
PICK UP ATTEMPT BY qlyikzt@cwd.mri SUCCESS
BIKE ATTEMPTED TO BE SOLD ONLINE BY kbuqjyt@nfr.mzg SUCCESS
PICK UP ATTEMPT BY eahpjl@wjrgwkn.htl FAILURE: NO_BIKE_MATCHING
PICK UP ATTEMPT BY lfcfphf@msljum.via FAILURE: NO_BIKE_MATCHING
PICK UP ATTEMPT BY qozy@blbdchd.los FAILURE: NO_BIKE_MATCHING
END OF DAY: 138
Total Revenue: 196700
Balance: 101700.0
Available Bikes: 37
Service Bikes: 0
Ready Bikes: 43
BIKE ATTEMPTED TO BE SOLD IN PERSON SUCCESS
BIKE ATTEMPTED TO BE SOLD ONLINE BY fjz@iof.jeb SUCCESS
END OF DAY: 139
Total Revenue: 198700
Balance: 103700.0
Available Bikes: 35
Service Bikes: 0
Ready Bikes: 44
BIKE ATTEMPTED TO BE SOLD IN PERSON SUCCESS
BIKE ATTEMPTED TO BE SOLD IN PERSON SUCCESS
BIKE ATTEMPTED TO BE SOLD IN PERSON SUCCESS
PICK UP ATTEMPT BY tlk@xiwk.fxh FAILURE: NO_BIKE_MATCHING
DROP OFF ATTEMPT BY wypqf@ykqxqo.fnl SUCCESS
END OF DAY: 140
Total Revenue: 201700
Balance: 105700.0
Available Bikes: 32
Service Bikes: 1
Ready Bikes: 44
DROP OFF ATTEMPT BY whyg@xmt.pqv SUCCESS
BIKE ATTEMPTED TO BE SOLD IN PERSON SUCCESS
BIKE ATTEMPTED TO BE SOLD IN PERSON SUCCESS
DROP OFF ATTEMPT BY kbsbbtm@muhttl.qxu SUCCESS
BIKE ATTEMPTED TO BE SOLD ONLINE BY anfl@mwbkg.jdv SUCCESS
BIKE ATTEMPTED TO BE SOLD ONLINE BY zdjp@bqdoufs.poy SUCCESS
END OF DAY: 141
Total Revenue: 205700
Balance: 109700.0
Available Bikes: 28
Service Bikes: 3
Ready Bikes: 46
BIKE DELIVERY ATTEMPT SUCCESS
END OF DAY: 142
Total Revenue: 205700
Balance: 104700.0
Available Bikes: 38
Service Bikes: 2
Ready Bikes: 47
BIKE ATTEMPTED TO BE SOLD ONLINE BY hquftb@idsd.vyl SUCCESS
BIKE ATTEMPTED TO BE SOLD ONLINE BY auebq@whky.nhr SUCCESS
PICK UP ATTEMPT BY anfl@mwbkg.jdv SUCCESS
PICK UP ATTEMPT BY nrhdyen@vnatc.dsk SUCCESS
BIKE ATTEMPTED TO BE SOLD ONLINE BY dxy@dojzf.yhe SUCCESS
END OF DAY: 143
Total Revenue: 208700
Balance: 107700.0
Available Bikes: 35
Service Bikes: 1
Ready Bikes: 49
PICK UP ATTEMPT BY owrzmvj@toixh.klt FAILURE: NO_BIKE_MATCHING
PICK UP ATTEMPT BY vos@krv.kas FAILURE: NO_BIKE_MATCHING
PICK UP ATTEMPT BY cjxnact@esaocmv.udj FAILURE: NO_BIKE_MATCHING
PICK UP ATTEMPT BY yzxjkxd@hvzmne.eol SUCCESS
PICK UP ATTEMPT BY qkicz@cmjnjlg.kcc FAILURE: NO_BIKE_MATCHING
END OF DAY: 144
Total Revenue: 208800
Balance: 107800.0
Available Bikes: 35
Service Bikes: 0
Ready Bikes: 49
PICK UP ATTEMPT BY audvkvh@csqsh.mvn FAILURE: NO_BIKE_MATCHING
PICK UP ATTEMPT BY jdja@xqakj.otc SUCCESS
PICK UP ATTEMPT BY vqyjjkq@mtaz.ugx FAILURE: NO_BIKE_MATCHING
END OF DAY: 145
Total Revenue: 208800
Balance: 107800.0
Available Bikes: 35
Service Bikes: 0
Ready Bikes: 48
BIKE ATTEMPTED TO BE SOLD ONLINE BY pqpdent@jwu.mmx SUCCESS
PICK UP ATTEMPT BY wobg@acktmf.qbf FAILURE: NO_BIKE_MATCHING
PICK UP ATTEMPT BY yjdh@jnxb.uxq FAILURE: NO_BIKE_MATCHING
END OF DAY: 146
Total Revenue: 209800
Balance: 108800.0
Available Bikes: 34
Service Bikes: 0
Ready Bikes: 49
PICK UP ATTEMPT BY fnax@dvcifo.vpm FAILURE: NO_BIKE_MATCHING
BIKE ATTEMPTED TO BE SOLD ONLINE BY nzyfxm@vjnfpb.oax SUCCESS
END OF DAY: 147
Total Revenue: 210800
Balance: 108800.0
Available Bikes: 33
Service Bikes: 0
Ready Bikes: 50
PICK UP ATTEMPT BY ldkqgyn@xnb.sgm FAILURE: NO_BIKE_MATCHING
END OF DAY: 148
Total Revenue: 210800
Balance: 108800.0
Available Bikes: 33
Service Bikes: 0
Ready Bikes: 50
PICK UP ATTEMPT BY wypqf@ykqxqo.fnl SUCCESS
END OF DAY: 149
Total Revenue: 210900
Balance: 108900.0
Available Bikes: 33
Service Bikes: 0
Ready Bikes: 49
PICK UP ATTEMPT BY qyc@ceavg.vpl FAILURE: NO_BIKE_MATCHING
PICK UP ATTEMPT BY lddl@pclyode.tnt FAILURE: NO_BIKE_MATCHING
PICK UP ATTEMPT BY cub@iagajne.vsb FAILURE: NO_BIKE_MATCHING
PICK UP ATTEMPT BY yxsy@mrcltb.pes SUCCESS
PICK UP ATTEMPT BY lddl@pclyode.tnt FAILURE: NO_BIKE_MATCHING
END OF DAY: 150
Total Revenue: 210900
Balance: 108900.0
Available Bikes: 33
Service Bikes: 0
Ready Bikes: 48
DROP OFF ATTEMPT BY rhiru@pwh.sir SUCCESS
END OF DAY: 151
Total Revenue: 210900
Balance: 108900.0
Available Bikes: 33
Service Bikes: 1
Ready Bikes: 48
PICK UP ATTEMPT BY wobg@acktmf.qbf FAILURE: NO_BIKE_MATCHING
DROP OFF ATTEMPT BY vrqnj@bnlugbx.sfp SUCCESS
BIKE ATTEMPTED TO BE SOLD IN PERSON SUCCESS
PICK UP ATTEMPT BY vdj@wmpasqu.ftw FAILURE: NO_BIKE_MATCHING
PICK UP ATTEMPT BY rhiru@pwh.sir FAILURE: NO_BIKE_MATCHING
PICK UP ATTEMPT BY rhiru@pwh.sir FAILURE: NO_BIKE_MATCHING FAILURE: BIKE_NOT_READY
PICK UP ATTEMPT BY lujqwfl@warf.psx SUCCESS
PICK UP ATTEMPT BY vicos@cglgvo.ipz SUCCESS
PICK UP ATTEMPT BY twl@zfo.qfv SUCCESS
PICK UP ATTEMPT BY ggyv@rfdownu.rnl FAILURE: NO_BIKE_MATCHING
END OF DAY: 152
Total Revenue: 212000
Balance: 110000.0
Available Bikes: 32
Service Bikes: 2
Ready Bikes: 45
DROP OFF ATTEMPT BY onsyy@nadtmkn.mft SUCCESS
BIKE ATTEMPTED TO BE SOLD ONLINE BY lqfl@qbjles.xtd SUCCESS
END OF DAY: 153
Total Revenue: 213000
Balance: 111000.0
Available Bikes: 31
Service Bikes: 2
Ready Bikes: 47
PICK UP ATTEMPT BY dvexw@gupwl.yub FAILURE: NO_BIKE_MATCHING
END OF DAY: 154
Total Revenue: 213000
Balance: 110000.0
Available Bikes: 31
Service Bikes: 2
Ready Bikes: 47
BIKE ATTEMPTED TO BE SOLD ONLINE BY nypnftv@umjqonf.aoi SUCCESS
PICK UP ATTEMPT BY hquftb@idsd.vyl SUCCESS
DROP OFF ATTEMPT BY nozls@erzz.msv SUCCESS
PICK UP ATTEMPT BY wobg@acktmf.qbf FAILURE: NO_BIKE_MATCHING
DROP OFF ATTEMPT BY iafgqi@mwysmm.jcs SUCCESS
END OF DAY: 155
Total Revenue: 214000
Balance: 111000.0
Available Bikes: 30
Service Bikes: 3
Ready Bikes: 48
BIKE ATTEMPTED TO BE SOLD IN PERSON SUCCESS
END OF DAY: 156
Total Revenue: 215000
Balance: 112000.0
Available Bikes: 29
Service Bikes: 2
Ready Bikes: 49
BIKE ATTEMPTED TO BE SOLD ONLINE BY ojxxr@pdprsi.hre SUCCESS
BIKE ATTEMPTED TO BE SOLD ONLINE BY aocexg@oxolm.dxf SUCCESS
PICK UP ATTEMPT BY xswdosz@ypps.kzj FAILURE: NO_BIKE_MATCHING
BIKE ATTEMPTED TO BE SOLD ONLINE BY fygwf@qntzb.vft SUCCESS
END OF DAY: 157
Total Revenue: 218000
Balance: 115000.0
Available Bikes: 26
Service Bikes: 1
Ready Bikes: 53
END OF DAY: 158
Total Revenue: 218000
Balance: 115000.0
Available Bikes: 26
Service Bikes: 0
Ready Bikes: 54
PICK UP ATTEMPT BY dkh@ovh.lfs SUCCESS
DROP OFF ATTEMPT BY euv@burz.rpl SUCCESS
BIKE ATTEMPTED TO BE SOLD IN PERSON SUCCESS
END OF DAY: 159
Total Revenue: 219000
Balance: 116000.0
Available Bikes: 25
Service Bikes: 1
Ready Bikes: 53
PICK UP ATTEMPT BY rrqv@kbhy.zub FAILURE: NO_BIKE_MATCHING
PICK UP ATTEMPT BY nozls@erzz.msv SUCCESS
BIKE ATTEMPTED TO BE SOLD IN PERSON SUCCESS
PICK UP ATTEMPT BY yzxjkxd@hvzmne.eol FAILURE: NO_BIKE_MATCHING
END OF DAY: 160
Total Revenue: 220100
Balance: 117100.0
Available Bikes: 24
Service Bikes: 1
Ready Bikes: 52
PICK UP ATTEMPT BY xnfngh@tuggcwi.nda SUCCESS
END OF DAY: 161
Total Revenue: 220100
Balance: 116100.0
Available Bikes: 24
Service Bikes: 0
Ready Bikes: 52
BIKE ATTEMPTED TO BE SOLD ONLINE BY lgd@keop.nje SUCCESS
END OF DAY: 162
Total Revenue: 221100
Balance: 117100.0
Available Bikes: 23
Service Bikes: 0
Ready Bikes: 53
BIKE ATTEMPTED TO BE SOLD ONLINE BY graf@sljpiqu.bxp SUCCESS
PICK UP ATTEMPT BY jfdrdl@qgztjnn.wxe FAILURE: NO_BIKE_MATCHING
PICK UP ATTEMPT BY wymp@dkdqn.lka FAILURE: NO_BIKE_MATCHING
PICK UP ATTEMPT BY onsyy@nadtmkn.mft SUCCESS
PICK UP ATTEMPT BY whyg@xmt.pqv SUCCESS
PICK UP ATTEMPT BY yrubt@oom.yxq FAILURE: NO_BIKE_MATCHING
PICK UP ATTEMPT BY vdj@wmpasqu.ftw FAILURE: NO_BIKE_MATCHING
PICK UP ATTEMPT BY mort@haf.izf FAILURE: NO_BIKE_MATCHING
PICK UP ATTEMPT BY kdjpy@gyipw.dvd FAILURE: NO_BIKE_MATCHING
PICK UP ATTEMPT BY mwsdls@rzlvu.ztw FAILURE: NO_BIKE_MATCHING
BIKE ATTEMPTED TO BE SOLD IN PERSON SUCCESS
END OF DAY: 163
Total Revenue: 223300
Balance: 119300.0
Available Bikes: 21
Service Bikes: 0
Ready Bikes: 52
BIKE ATTEMPTED TO BE SOLD ONLINE BY alixz@jafab.tff SUCCESS
PICK UP ATTEMPT BY vdj@wmpasqu.ftw FAILURE: NO_BIKE_MATCHING
END OF DAY: 164
Total Revenue: 224300
Balance: 120300.0
Available Bikes: 20
Service Bikes: 0
Ready Bikes: 53
PICK UP ATTEMPT BY yjdh@jnxb.uxq FAILURE: NO_BIKE_MATCHING
PICK UP ATTEMPT BY kxdonrd@rlmpj.bme SUCCESS
BIKE ATTEMPTED TO BE SOLD ONLINE BY nvovmp@lpy.eik SUCCESS
BIKE ATTEMPTED TO BE SOLD IN PERSON SUCCESS
DROP OFF ATTEMPT BY gkarvco@abv.toh SUCCESS
PICK UP ATTEMPT BY wymp@dkdqn.lka FAILURE: NO_BIKE_MATCHING
END OF DAY: 165
Total Revenue: 226300
Balance: 122300.0
Available Bikes: 18
Service Bikes: 1
Ready Bikes: 53
PICK UP ATTEMPT BY adhbow@gvmj.azz SUCCESS
BIKE ATTEMPTED TO BE SOLD IN PERSON SUCCESS
BIKE ATTEMPTED TO BE SOLD IN PERSON SUCCESS
BIKE ATTEMPTED TO BE SOLD ONLINE BY wpy@miacfej.vks SUCCESS
END OF DAY: 166
Total Revenue: 229400
Balance: 125400.0
Available Bikes: 15
Service Bikes: 1
Ready Bikes: 53
BIKE ATTEMPTED TO BE SOLD IN PERSON SUCCESS
PICK UP ATTEMPT BY ycgnf@gemuww.yfh SUCCESS
PICK UP ATTEMPT BY qlyikzt@cwd.mri FAILURE: NO_BIKE_MATCHING
BIKE ATTEMPTED TO BE SOLD IN PERSON SUCCESS
BIKE ATTEMPTED TO BE SOLD ONLINE BY umbti@qwvw.emj SUCCESS
END OF DAY: 167
Total Revenue: 232400
Balance: 128400.0
Available Bikes: 12
Service Bikes: 0
Ready Bikes: 54
END OF DAY: 168
Total Revenue: 232400
Balance: 127400.0
Available Bikes: 12
Service Bikes: 0
Ready Bikes: 54
DROP OFF ATTEMPT BY yjkg@rjnp.rvw SUCCESS
END OF DAY: 169
Total Revenue: 232400
Balance: 127400.0
Available Bikes: 12
Service Bikes: 1
Ready Bikes: 54
PICK UP ATTEMPT BY uploe@hurreu.ffq SUCCESS
BIKE ATTEMPTED TO BE SOLD ONLINE BY ovpxz@pyj.cjf SUCCESS
END OF DAY: 170
Total Revenue: 233500
Balance: 128500.0
Available Bikes: 11
Service Bikes: 1
Ready Bikes: 54
PICK UP ATTEMPT BY itptyz@qwjk.qdc SUCCESS
PICK UP ATTEMPT BY qsj@ulxc.ndv FAILURE: NO_BIKE_MATCHING
PICK UP ATTEMPT BY kbuqjyt@nfr.mzg SUCCESS
PICK UP ATTEMPT BY mort@haf.izf FAILURE: NO_BIKE_MATCHING
PICK UP ATTEMPT BY ghevd@uvjafzl.ttb FAILURE: NO_BIKE_MATCHING
PICK UP ATTEMPT BY xeaw@aqwnjp.ucb SUCCESS
BIKE ATTEMPTED TO BE SOLD ONLINE BY sfuz@hucurd.ltf SUCCESS
PICK UP ATTEMPT BY lietbmc@qlgdes.jah SUCCESS
PICK UP ATTEMPT BY bnj@opzmjn.jxp FAILURE: NO_BIKE_MATCHING
END OF DAY: 171
Total Revenue: 234500
Balance: 129500.0
Available Bikes: 10
Service Bikes: 0
Ready Bikes: 52
PICK UP ATTEMPT BY fgf@xzqtqjp.tve FAILURE: NO_BIKE_MATCHING
BIKE ATTEMPTED TO BE SOLD IN PERSON SUCCESS
BIKE ATTEMPTED TO BE SOLD IN PERSON SUCCESS
BIKE ATTEMPTED TO BE SOLD IN PERSON SUCCESS
END OF DAY: 172
Total Revenue: 237500
Balance: 132500.0
Available Bikes: 7
Service Bikes: 0
Ready Bikes: 52
BIKE ATTEMPTED TO BE SOLD IN PERSON SUCCESS
BIKE ATTEMPTED TO BE SOLD ONLINE BY yzq@lmbovy.pjm SUCCESS
BIKE ATTEMPTED TO BE SOLD IN PERSON SUCCESS
END OF DAY: 173
Total Revenue: 240500
Balance: 135500.0
Available Bikes: 4
Service Bikes: 0
Ready Bikes: 53
PICK UP ATTEMPT BY wbat@uqlcift.qnh FAILURE: NO_BIKE_MATCHING
PICK UP ATTEMPT BY zrnne@hhmp.wpm FAILURE: NO_BIKE_MATCHING
PICK UP ATTEMPT BY ghevd@uvjafzl.ttb FAILURE: NO_BIKE_MATCHING
PICK UP ATTEMPT BY nozls@erzz.msv FAILURE: NO_BIKE_MATCHING
END OF DAY: 174
Total Revenue: 240500
Balance: 135500.0
Available Bikes: 4
Service Bikes: 0
Ready Bikes: 53
DROP OFF ATTEMPT BY tfzxokn@dvg.txt SUCCESS
END OF DAY: 175
Total Revenue: 240500
Balance: 134500.0
Available Bikes: 4
Service Bikes: 1
Ready Bikes: 53
BIKE ATTEMPTED TO BE SOLD ONLINE BY ijjqw@yrqoch.rdp SUCCESS
BIKE ATTEMPTED TO BE SOLD ONLINE BY gcj@rckgph.hef SUCCESS
BIKE DELIVERY ATTEMPT SUCCESS
PICK UP ATTEMPT BY woi@ocwsg.kfg SUCCESS
END OF DAY: 176
Total Revenue: 242500
Balance: 131500.0
Available Bikes: 12
Service Bikes: 1
Ready Bikes: 54
BIKE ATTEMPTED TO BE SOLD ONLINE BY bplmi@xtsbx.xkb SUCCESS
BIKE ATTEMPTED TO BE SOLD ONLINE BY etk@wlghl.ljm SUCCESS
BIKE ATTEMPTED TO BE SOLD IN PERSON SUCCESS
END OF DAY: 177
Total Revenue: 245500
Balance: 134500.0
Available Bikes: 9
Service Bikes: 0
Ready Bikes: 57
BIKE ATTEMPTED TO BE SOLD IN PERSON SUCCESS
BIKE ATTEMPTED TO BE SOLD IN PERSON SUCCESS
BIKE ATTEMPTED TO BE SOLD IN PERSON SUCCESS
END OF DAY: 178
Total Revenue: 248500
Balance: 137500.0
Available Bikes: 6
Service Bikes: 0
Ready Bikes: 57
PICK UP ATTEMPT BY kbsbbtm@muhttl.qxu SUCCESS
PICK UP ATTEMPT BY owrzk@purhy.olz SUCCESS
PICK UP ATTEMPT BY ilp@fqje.vke FAILURE: NO_BIKE_MATCHING
END OF DAY: 179
Total Revenue: 248600
Balance: 137600.0
Available Bikes: 6
Service Bikes: 0
Ready Bikes: 55
DROP OFF ATTEMPT BY yyo@kobahc.oog SUCCESS
PICK UP ATTEMPT BY bplmi@xtsbx.xkb SUCCESS
PICK UP ATTEMPT BY gnprmrm@huwglom.jfm FAILURE: NO_BIKE_MATCHING
BIKE ATTEMPTED TO BE SOLD IN PERSON SUCCESS
BIKE ATTEMPTED TO BE SOLD IN PERSON SUCCESS
BIKE ATTEMPTED TO BE SOLD IN PERSON SUCCESS
PICK UP ATTEMPT BY vicos@cglgvo.ipz FAILURE: NO_BIKE_MATCHING
DROP OFF ATTEMPT BY qqu@mixwnf.tzt SUCCESS
PICK UP ATTEMPT BY wefpirv@oswgah.lxr FAILURE: NO_BIKE_MATCHING
BIKE ATTEMPTED TO BE SOLD IN PERSON SUCCESS
DROP OFF ATTEMPT BY bekl@nekde.knv SUCCESS
DROP OFF ATTEMPT BY eavkcis@mpxqdc.svf SUCCESS
END OF DAY: 180
Total Revenue: 252600
Balance: 141600.0
Available Bikes: 2
Service Bikes: 4
Ready Bikes: 54
BIKE ATTEMPTED TO BE SOLD ONLINE BY qpuev@esyqri.gyy SUCCESS
END OF DAY: 181
Total Revenue: 253600
Balance: 142600.0
Available Bikes: 1
Service Bikes: 4
Ready Bikes: 55
PICK UP ATTEMPT BY gtddnrv@qqdhz.hor SUCCESS
BIKE ATTEMPTED TO BE SOLD ONLINE BY nft@kcnd.emk SUCCESS
BIKE ATTEMPTED TO BE SOLD ONLINE BY twbha@jiinkbl.oui FAILURE: No sellable bikes available
END OF DAY: 182
Total Revenue: 254600
Balance: 142600.0
Available Bikes: 0
Service Bikes: 2
Ready Bikes: 57
BIKE ATTEMPTED TO BE SOLD ONLINE BY sukgkq@mfwhgcy.gog FAILURE: No sellable bikes available
END OF DAY: 183
Total Revenue: 254600
Balance: 142600.0
Available Bikes: 0
Service Bikes: 1
Ready Bikes: 58
PICK UP ATTEMPT BY qyc@ceavg.vpl FAILURE: NO_BIKE_MATCHING
PICK UP ATTEMPT BY xeaw@aqwnjp.ucb FAILURE: NO_BIKE_MATCHING
END OF DAY: 184
Total Revenue: 254600
Balance: 142600.0
Available Bikes: 0
Service Bikes: 0
Ready Bikes: 59
PICK UP ATTEMPT BY lddl@pclyode.tnt FAILURE: NO_BIKE_MATCHING
BIKE ATTEMPTED TO BE SOLD IN PERSON FAILURE: No sellable bikes available
BIKE ATTEMPTED TO BE SOLD IN PERSON FAILURE: No sellable bikes available
BIKE ATTEMPTED TO BE SOLD IN PERSON FAILURE: No sellable bikes available
BIKE ATTEMPTED TO BE SOLD IN PERSON FAILURE: No sellable bikes available
END OF DAY: 185
Total Revenue: 254600
Balance: 142600.0
Available Bikes: 0
Service Bikes: 0
Ready Bikes: 59
PICK UP ATTEMPT BY lujqwfl@warf.psx FAILURE: NO_BIKE_MATCHING
END OF DAY: 186
Total Revenue: 254600
Balance: 142600.0
Available Bikes: 0
Service Bikes: 0
Ready Bikes: 59
PICK UP ATTEMPT BY xhmpxux@basqhc.pbp FAILURE: NO_BIKE_MATCHING
DROP OFF ATTEMPT BY mwmrr@jeco.fmd SUCCESS
END OF DAY: 187
Total Revenue: 254600
Balance: 142600.0
Available Bikes: 0
Service Bikes: 1
Ready Bikes: 59
BIKE ATTEMPTED TO BE SOLD IN PERSON FAILURE: No sellable bikes available
BIKE ATTEMPTED TO BE SOLD IN PERSON FAILURE: No sellable bikes available
DROP OFF ATTEMPT BY lyqxtf@xzjyxg.itt SUCCESS
BIKE ATTEMPTED TO BE SOLD IN PERSON FAILURE: No sellable bikes available
BIKE ATTEMPTED TO BE SOLD IN PERSON FAILURE: No sellable bikes available
END OF DAY: 188
Total Revenue: 254600
Balance: 142600.0
Available Bikes: 0
Service Bikes: 2
Ready Bikes: 59
PICK UP ATTEMPT BY kdjpy@gyipw.dvd FAILURE: NO_BIKE_MATCHING
BIKE ATTEMPTED TO BE SOLD IN PERSON FAILURE: No sellable bikes available
BIKE ATTEMPTED TO BE SOLD IN PERSON FAILURE: No sellable bikes available
PICK UP ATTEMPT BY lmtex@jwup.mhy FAILURE: NO_BIKE_MATCHING
PICK UP ATTEMPT BY fqzto@faonvyz.ckc FAILURE: NO_BIKE_MATCHING
END OF DAY: 189
Total Revenue: 254600
Balance: 141600.0
Available Bikes: 0
Service Bikes: 1
Ready Bikes: 60
END OF DAY: 190
Total Revenue: 254600
Balance: 141600.0
Available Bikes: 0
Service Bikes: 1
Ready Bikes: 60
BIKE ATTEMPTED TO BE SOLD IN PERSON FAILURE: No sellable bikes available
BIKE ATTEMPTED TO BE SOLD IN PERSON FAILURE: No sellable bikes available
PICK UP ATTEMPT BY wvgnr@gbuik.xxd FAILURE: NO_BIKE_MATCHING
DROP OFF ATTEMPT BY sdhgxm@dbfbw.wdn SUCCESS
BIKE ATTEMPTED TO BE SOLD IN PERSON FAILURE: No sellable bikes available
BIKE ATTEMPTED TO BE SOLD IN PERSON FAILURE: No sellable bikes available
END OF DAY: 191
Total Revenue: 254600
Balance: 141600.0
Available Bikes: 0
Service Bikes: 1
Ready Bikes: 61
PICK UP ATTEMPT BY druissx@dthc.eue FAILURE: NO_BIKE_MATCHING
PICK UP ATTEMPT BY ldkqgyn@xnb.sgm FAILURE: NO_BIKE_MATCHING
BIKE ATTEMPTED TO BE SOLD IN PERSON FAILURE: No sellable bikes available
BIKE ATTEMPTED TO BE SOLD IN PERSON FAILURE: No sellable bikes available
PICK UP ATTEMPT BY vrqnj@bnlugbx.sfp SUCCESS
PICK UP ATTEMPT BY otzt@abdqnrt.prj FAILURE: NO_BIKE_MATCHING
DROP OFF ATTEMPT BY xajd@xbayfv.cww SUCCESS
PICK UP ATTEMPT BY qlyikzt@cwd.mri FAILURE: NO_BIKE_MATCHING
PICK UP ATTEMPT BY wpy@miacfej.vks SUCCESS
PICK UP ATTEMPT BY qkicz@cmjnjlg.kcc FAILURE: NO_BIKE_MATCHING
PICK UP ATTEMPT BY nft@kcnd.emk SUCCESS
PICK UP ATTEMPT BY bkeaa@aesec.aju FAILURE: NO_BIKE_MATCHING
END OF DAY: 192
Total Revenue: 254700
Balance: 141700.0
Available Bikes: 0
Service Bikes: 2
Ready Bikes: 58
PICK UP ATTEMPT BY ixmqn@gxc.vyg FAILURE: NO_BIKE_MATCHING
DROP OFF ATTEMPT BY xzxa@roye.dcj SUCCESS
DROP OFF ATTEMPT BY rzcrb@ripm.qnx SUCCESS
BIKE ATTEMPTED TO BE SOLD ONLINE BY vgxg@yrz.naq FAILURE: No sellable bikes available
BIKE ATTEMPTED TO BE SOLD ONLINE BY sev@jhxh.vyw FAILURE: No sellable bikes available
BIKE ATTEMPTED TO BE SOLD IN PERSON FAILURE: No sellable bikes available
BIKE ATTEMPTED TO BE SOLD IN PERSON FAILURE: No sellable bikes available
BIKE ATTEMPTED TO BE SOLD IN PERSON FAILURE: No sellable bikes available
BIKE ATTEMPTED TO BE SOLD IN PERSON FAILURE: No sellable bikes available
END OF DAY: 193
Total Revenue: 254700
Balance: 141700.0
Available Bikes: 0
Service Bikes: 3
Ready Bikes: 59
BIKE ATTEMPTED TO BE SOLD IN PERSON FAILURE: No sellable bikes available
BIKE ATTEMPTED TO BE SOLD IN PERSON FAILURE: No sellable bikes available
END OF DAY: 194
Total Revenue: 254700
Balance: 141700.0
Available Bikes: 0
Service Bikes: 3
Ready Bikes: 59
PICK UP ATTEMPT BY zvxzy@mbluel.ybs FAILURE: NO_BIKE_MATCHING
PICK UP ATTEMPT BY lqfl@qbjles.xtd SUCCESS
PICK UP ATTEMPT BY vdj@wmpasqu.ftw FAILURE: NO_BIKE_MATCHING
PICK UP ATTEMPT BY adhbow@gvmj.azz FAILURE: NO_BIKE_MATCHING
PICK UP ATTEMPT BY ycgnf@gemuww.yfh FAILURE: NO_BIKE_MATCHING
PICK UP ATTEMPT BY dkh@ovh.lfs FAILURE: NO_BIKE_MATCHING
END OF DAY: 195
Total Revenue: 254700
Balance: 141700.0
Available Bikes: 0
Service Bikes: 1
Ready Bikes: 60
BIKE ATTEMPTED TO BE SOLD IN PERSON FAILURE: No sellable bikes available
BIKE ATTEMPTED TO BE SOLD IN PERSON FAILURE: No sellable bikes available
PICK UP ATTEMPT BY cjkbuyj@ueoow.njf FAILURE: NO_BIKE_MATCHING
PICK UP ATTEMPT BY pwfey@brw.qdd FAILURE: NO_BIKE_MATCHING
PICK UP ATTEMPT BY qpiz@yis.zkw SUCCESS
END OF DAY: 196
Total Revenue: 254700
Balance: 140700.0
Available Bikes: 0
Service Bikes: 0
Ready Bikes: 60
BIKE ATTEMPTED TO BE SOLD ONLINE BY nsposeq@joajmt.bvm FAILURE: No sellable bikes available
BIKE ATTEMPTED TO BE SOLD IN PERSON FAILURE: No sellable bikes available
BIKE ATTEMPTED TO BE SOLD IN PERSON FAILURE: No sellable bikes available
DROP OFF ATTEMPT BY uyk@jwozeg.enj SUCCESS
BIKE ATTEMPTED TO BE SOLD ONLINE BY mcweeby@onndk.efx FAILURE: No sellable bikes available
BIKE ATTEMPTED TO BE SOLD IN PERSON FAILURE: No sellable bikes available
BIKE ATTEMPTED TO BE SOLD IN PERSON FAILURE: No sellable bikes available
BIKE ATTEMPTED TO BE SOLD ONLINE BY ixxye@jldlbjn.phy FAILURE: No sellable bikes available
BIKE ATTEMPTED TO BE SOLD ONLINE BY zurajm@lgbxqu.bgw FAILURE: No sellable bikes available
BIKE ATTEMPTED TO BE SOLD ONLINE BY xlgrb@emvuk.fmq FAILURE: No sellable bikes available
BIKE ATTEMPTED TO BE SOLD ONLINE BY keckho@ypwu.ted FAILURE: No sellable bikes available
END OF DAY: 197
Total Revenue: 254700
Balance: 140700.0
Available Bikes: 0
Service Bikes: 1
Ready Bikes: 60
END OF DAY: 198
Total Revenue: 254700
Balance: 140700.0
Available Bikes: 0
Service Bikes: 1
Ready Bikes: 60
BIKE ATTEMPTED TO BE SOLD ONLINE BY eyagwr@far.tzb FAILURE: No sellable bikes available
END OF DAY: 199
Total Revenue: 254700
Balance: 140700.0
Available Bikes: 0
Service Bikes: 0
Ready Bikes: 61
PICK UP ATTEMPT BY tfzxokn@dvg.txt SUCCESS
PICK UP ATTEMPT BY lmtex@jwup.mhy FAILURE: NO_BIKE_MATCHING
BIKE ATTEMPTED TO BE SOLD ONLINE BY rqngqj@cuvedj.coo FAILURE: No sellable bikes available
BIKE ATTEMPTED TO BE SOLD ONLINE BY rldf@qecsfd.aqg FAILURE: No sellable bikes available
BIKE ATTEMPTED TO BE SOLD ONLINE BY ktj@gimjwt.egh FAILURE: No sellable bikes available
PICK UP ATTEMPT BY nak@cta.hqb FAILURE: NO_BIKE_MATCHING
PICK UP ATTEMPT BY aocexg@oxolm.dxf SUCCESS
PICK UP ATTEMPT BY ldkqgyn@xnb.sgm FAILURE: NO_BIKE_MATCHING
PICK UP ATTEMPT BY tmhl@aqfzds.mft FAILURE: NO_BIKE_MATCHING
END OF DAY: 200
Total Revenue: 254800
Balance: 140800.0
Available Bikes: 0
Service Bikes: 0
Ready Bikes: 59
BIKE ATTEMPTED TO BE SOLD IN PERSON FAILURE: No sellable bikes available
BIKE ATTEMPTED TO BE SOLD IN PERSON FAILURE: No sellable bikes available
BIKE ATTEMPTED TO BE SOLD IN PERSON FAILURE: No sellable bikes available
BIKE ATTEMPTED TO BE SOLD IN PERSON FAILURE: No sellable bikes available
PICK UP ATTEMPT BY otzt@abdqnrt.prj FAILURE: NO_BIKE_MATCHING
PICK UP ATTEMPT BY jfdrdl@qgztjnn.wxe FAILURE: NO_BIKE_MATCHING
BIKE ATTEMPTED TO BE SOLD IN PERSON FAILURE: No sellable bikes available
BIKE ATTEMPTED TO BE SOLD IN PERSON FAILURE: No sellable bikes available
PICK UP ATTEMPT BY lljwmev@ipuci.mtf FAILURE: NO_BIKE_MATCHING
BIKE ATTEMPTED TO BE SOLD ONLINE BY fud@byi.ykf FAILURE: No sellable bikes available
END OF DAY: 201
Total Revenue: 254800
Balance: 140800.0
Available Bikes: 0
Service Bikes: 0
Ready Bikes: 59
BIKE ATTEMPTED TO BE SOLD ONLINE BY yhidkuu@zyo.hrs FAILURE: No sellable bikes available
END OF DAY: 202
Total Revenue: 254800
Balance: 140800.0
Available Bikes: 0
Service Bikes: 0
Ready Bikes: 59
PICK UP ATTEMPT BY yjkg@rjnp.rvw SUCCESS
END OF DAY: 203
Total Revenue: 254900
Balance: 139900.0
Available Bikes: 0
Service Bikes: 0
Ready Bikes: 58
BIKE ATTEMPTED TO BE SOLD ONLINE BY zzo@fgyob.xth FAILURE: No sellable bikes available
PICK UP ATTEMPT BY wqof@enz.nbk FAILURE: NO_BIKE_MATCHING
END OF DAY: 204
Total Revenue: 254900
Balance: 139900.0
Available Bikes: 0
Service Bikes: 0
Ready Bikes: 58
Total Errors: 321
Total messages: 766
